<?xml version="1.0" encoding="UTF-8"?>
<robot generator="Robot 3.1.2 (Python 3.7.4 on win32)" generated="20210319 09:25:38.400" rpa="false">
<suite id="s1" name="Afulltest" source="D:\DRobotFramework\enerci\afulltest">
<kw name="Get Web Token" library="myrequest" type="setup">
<msg timestamp="20210319 09:25:38.720" level="INFO">请求地址：http://121.36.252.209/ener-rbac/login。
应答内容：{"success":true,"message":null,"object":{"chName":"wzl123","enName":"wzl","token":"eyJhbGciOiJIUzI1NiJ9.eyJpYXQiOjE2MTYxMTcxNDAsImV4cCI6MTYxNjEzMTU0MCwiY25fbmFtZSI6Ind6bDEyMyIsImVuX25hbWUiOiJ3emwiLCJjbGllbnRfbG9naW5fdGltZXMiOjExMywiaWQiOjI4OSwiY2xpZW50X3R5cGUiOiJ3ZWIiLCJwZXJzb25faWQiOjM2NywidXNlcm5hbWUiOiJ3emwxMjMifQ.arsY7eWImiSvSTBdnYOePcOYGYJ7aFv9ggwmaMFgrk0"},"feignHystrix":false,"responseException":false}
0319092538
token通过</msg>
<status status="PASS" starttime="20210319 09:25:38.658" endtime="20210319 09:25:38.720"></status>
</kw>
<suite id="s1-s1" name="Lightshadow" source="D:\DRobotFramework\enerci\afulltest\lightshadow.robot">
<test id="s1-s1-t1" name="place_add">
<kw name="Lightshadow PlaceCategory List" library="lightshadow">
<doc>场所类型表-查询可用类型列表
ener-lightshadow/placeCategory/list</doc>
<assign>
<var>${category_list}</var>
</assign>
<msg timestamp="20210319 09:25:38.819" level="INFO">======开始请求get  /ener-lightshadow/placeCategory/list=============
请求内容：None
断言内容：{'message': None, 'success': True}
请求地址：http://121.36.252.209/ener-lightshadow/placeCategory/list 
 应答内容：{"success":true,"message":null,"object":[{"id":30,"name":"自动化测试","enabled":true,"useCount":1,"createTime":"2021-03-01 13:51:47","updateTime":null,"deleted":false},{"id":29,"name":"智慧路灯广播","enabled":true,"useCount":1,"createTime":"2021-01-19 17:42:59","updateTime":null,"deleted":false},{"id":28,"name":"智慧路灯LED屏","enabled":true,"useCount":1,"createTime":"2021-01-19 17:42:40","updateTime":null,"deleted":false},{"id":27,"name":"智慧路灯 RGB","enabled":true,"useCount":0,"createTime":"2021-01-19 15:14:49","updateTime":null,"deleted":false},{"id":26,"name":"照明","enabled":true,"useCount":2,"createTime":"2021-01-18 15:53:20","updateTime":"2021-01-18 16:50:03","deleted":false}],"feignHystrix":false,"responseException":false}
结束get请求-------开始断言
======断言通过</msg>
<msg timestamp="20210319 09:25:38.819" level="INFO">${category_list} = [{'id': 30, 'name': '自动化测试', 'enabled': True, 'useCount': 1, 'createTime': '2021-03-01 13:51:47', 'updateTime': None, 'deleted': False}, {'id': 29, 'name': '智慧路灯广播', 'enabled': True, 'useCount': 1, 'c...</msg>
<status status="PASS" starttime="20210319 09:25:38.728" endtime="20210319 09:25:38.819"></status>
</kw>
<kw name="Set Suite Variable" library="BuiltIn">
<doc>Makes a variable available everywhere within the scope of the current suite.</doc>
<arguments>
<arg>${s_category_id}</arg>
<arg>${category_list}[0][id]</arg>
</arguments>
<msg timestamp="20210319 09:25:38.820" level="INFO">${s_category_id} = 30</msg>
<status status="PASS" starttime="20210319 09:25:38.819" endtime="20210319 09:25:38.820"></status>
</kw>
<kw name="Get Time No Year" library="tools">
<assign>
<var>${time}</var>
</assign>
<msg timestamp="20210319 09:25:38.820" level="INFO">${time} = 0319092538</msg>
<status status="PASS" starttime="20210319 09:25:38.820" endtime="20210319 09:25:38.820"></status>
</kw>
<kw name="Evaluate" library="BuiltIn">
<doc>Evaluates the given expression in Python and returns the results.</doc>
<arguments>
<arg>("edit一群好奇的帝企鹅.jpg",open("afulltest/data/edit一群好奇的帝企鹅.jpg","rb"),"image/jpg")</arg>
</arguments>
<assign>
<var>${readfile}</var>
</assign>
<msg timestamp="20210319 09:25:38.821" level="INFO">${readfile} = ('edit一群好奇的帝企鹅.jpg', &lt;_io.BufferedReader name='afulltest/data/edit一群好奇的帝企鹅.jpg'&gt;, 'image/jpg')</msg>
<status status="PASS" starttime="20210319 09:25:38.820" endtime="20210319 09:25:38.821"></status>
</kw>
<kw name="Create Dictionary" library="BuiltIn">
<doc>Creates and returns a dictionary based on the given ``items``.</doc>
<arguments>
<arg>coverImage=${readfile}</arg>
<arg>categoryId=${s_category_id}</arg>
<arg>name=场所${time}</arg>
<arg>description=场所${time}</arg>
</arguments>
<assign>
<var>${add_params}</var>
</assign>
<msg timestamp="20210319 09:25:38.821" level="INFO">${add_params} = {'coverImage': ('edit一群好奇的帝企鹅.jpg', &lt;_io.BufferedReader name='afulltest/data/edit一群好奇的帝企鹅.jpg'&gt;, 'image/jpg'), 'categoryId': 30, 'name': '场所0319092538', 'description': '场所0319092538'}</msg>
<status status="PASS" starttime="20210319 09:25:38.821" endtime="20210319 09:25:38.822"></status>
</kw>
<kw name="Lightshadow Place Add" library="lightshadow">
<doc>Content-Disposition: form-data; name="coverImage"; filename="git.png"
Content-Type: image/png     &lt;file&gt;
Content-Disposition: form-data; name="categoryId"   29
Content-Disposition: form-data; name="name" 2021-2-26
Content-Disposition: form-data; name="description"  2021-2-26</doc>
<arguments>
<arg>${add_params}</arg>
</arguments>
<assign>
<var>${response_object}</var>
</assign>
<msg timestamp="20210319 09:25:40.055" level="INFO">======开始请求files  /ener-lightshadow/place/add=============
请求内容：{'coverImage': ('edit一群好奇的帝企鹅.jpg', &lt;_io.BufferedReader name='afulltest/data/edit一群好奇的帝企鹅.jpg'&gt;, 'image/jpg'), 'categoryId': 30, 'name': '场所0319092538', 'description': '场所0319092538'}
断言内容：{'message': None, 'success': True}
请求地址：http://121.36.252.209/ener-lightshadow/place/add 
 应答内容：{"success":true,"message":null,"object":{"id":103,"name":"场所0319092538","categoryId":30,"description":"场所0319092538","planeUrl":null,"planeAttachId":null,"coverUrl":"https://obs-for-seafood.obs.cn-east-3.myhuaweicloud.com:443/20210319_092540_751.jpg","coverAttachId":4671,"executeSceneId":null,"createTime":"2021-03-19 09:25:41","updateTime":null,"deleted":null,"associationId":103,"associationType":"PLACE"},"feignHystrix":false,"responseException":false}
结束files请求-------开始断言
======断言通过


{'id': 103, 'name': '场所0319092538', 'categoryId': 30, 'description': '场所0319092538', 'planeUrl': None, 'planeAttachId': None, 'coverUrl': 'https://obs-for-seafood.obs.cn-east-3.myhuaweicloud.com:443/20210319_092540_751.jpg', 'coverAttachId': 4671, 'executeSceneId': None, 'createTime': '2021-03-19 09:25:41', 'updateTime': None, 'deleted': None, 'associationId': 103, 'associationType': 'PLACE'}</msg>
<msg timestamp="20210319 09:25:40.055" level="INFO">${response_object} = {'id': 103, 'name': '场所0319092538', 'categoryId': 30, 'description': '场所0319092538', 'planeUrl': None, 'planeAttachId': None, 'coverUrl': 'https://obs-for-seafood.obs.cn-east-3.myhuaweicloud.com:443/2...</msg>
<status status="PASS" starttime="20210319 09:25:38.822" endtime="20210319 09:25:40.056"></status>
</kw>
<kw name="Set Suite Variable" library="BuiltIn">
<doc>Makes a variable available everywhere within the scope of the current suite.</doc>
<arguments>
<arg>${s_place_id}</arg>
<arg>${response_object}[id]</arg>
</arguments>
<msg timestamp="20210319 09:25:40.056" level="INFO">${s_place_id} = 103</msg>
<status status="PASS" starttime="20210319 09:25:40.056" endtime="20210319 09:25:40.056"></status>
</kw>
<status status="PASS" starttime="20210319 09:25:38.728" endtime="20210319 09:25:40.056" critical="yes"></status>
</test>
<test id="s1-s1-t2" name="place_edit">
<kw name="Get Time No Year" library="tools">
<assign>
<var>${time}</var>
</assign>
<msg timestamp="20210319 09:25:40.057" level="INFO">${time} = 0319092540</msg>
<status status="PASS" starttime="20210319 09:25:40.057" endtime="20210319 09:25:40.057"></status>
</kw>
<kw name="Should Not Be Empty" library="BuiltIn">
<doc>Verifies that the given item is not empty.</doc>
<arguments>
<arg>'${s_category_id}'</arg>
<arg>场所类型id不能为空</arg>
</arguments>
<msg timestamp="20210319 09:25:40.058" level="INFO">Length is 4</msg>
<status status="PASS" starttime="20210319 09:25:40.057" endtime="20210319 09:25:40.058"></status>
</kw>
<kw name="Should Not Be Empty" library="BuiltIn">
<doc>Verifies that the given item is not empty.</doc>
<arguments>
<arg>'${s_place_id}'</arg>
<arg>场所id不能为空</arg>
</arguments>
<msg timestamp="20210319 09:25:40.058" level="INFO">Length is 5</msg>
<status status="PASS" starttime="20210319 09:25:40.058" endtime="20210319 09:25:40.058"></status>
</kw>
<kw name="Evaluate" library="BuiltIn">
<doc>Evaluates the given expression in Python and returns the results.</doc>
<arguments>
<arg>("SnapRapid.jpg",open("afulltest/data/add-SnapRapid.jpg","rb"),"image/jpg")</arg>
</arguments>
<assign>
<var>${readfile}</var>
</assign>
<msg timestamp="20210319 09:25:40.059" level="INFO">${readfile} = ('SnapRapid.jpg', &lt;_io.BufferedReader name='afulltest/data/add-SnapRapid.jpg'&gt;, 'image/jpg')</msg>
<status status="PASS" starttime="20210319 09:25:40.058" endtime="20210319 09:25:40.059"></status>
</kw>
<kw name="Create Dictionary" library="BuiltIn">
<doc>Creates and returns a dictionary based on the given ``items``.</doc>
<arguments>
<arg>coverImage=${readfile}</arg>
<arg>id=${s_place_id}</arg>
<arg>categoryId=${s_category_id}</arg>
<arg>name=UPD场所${time}</arg>
<arg>description=UPD场所${time}</arg>
</arguments>
<assign>
<var>${edit_params}</var>
</assign>
<msg timestamp="20210319 09:25:40.059" level="INFO">${edit_params} = {'coverImage': ('SnapRapid.jpg', &lt;_io.BufferedReader name='afulltest/data/add-SnapRapid.jpg'&gt;, 'image/jpg'), 'id': 103, 'categoryId': 30, 'name': 'UPD场所0319092540', 'description': 'UPD场所0319092540'}</msg>
<status status="PASS" starttime="20210319 09:25:40.059" endtime="20210319 09:25:40.060"></status>
</kw>
<kw name="Lightshadow Place Edit" library="lightshadow">
<doc>Content-Disposition: form-data; name="coverImage"; filename="git.png"
Content-Type: image/png     &lt;file&gt;
Content-Disposition: form-data; name="categoryId"   29
Content-Disposition: form-data; name="name" 2021-2-26
Content-Disposition: form-data; name="description"  2021-2-26</doc>
<arguments>
<arg>${edit_params}</arg>
</arguments>
<msg timestamp="20210319 09:25:40.553" level="INFO">======开始请求post  /ener-lightshadow/place/edit=============
请求内容：{'coverImage': ('SnapRapid.jpg', &lt;_io.BufferedReader name='afulltest/data/add-SnapRapid.jpg'&gt;, 'image/jpg'), 'id': 103, 'categoryId': 30, 'name': 'UPD场所0319092540', 'description': 'UPD场所0319092540'}
断言内容：{'message': None, 'success': True}
请求地址：http://121.36.252.209/ener-lightshadow/place/edit 
 应答内容：{"success":true,"message":null,"object":{"id":103,"name":"UPD场所0319092540","categoryId":30,"description":"UPD场所0319092540","planeUrl":null,"planeAttachId":null,"coverUrl":null,"coverAttachId":null,"executeSceneId":null,"createTime":null,"updateTime":"2021-03-19 09:25:41","deleted":null,"associationId":103,"associationType":"PLACE"},"feignHystrix":false,"responseException":false}
结束post请求-------开始断言
======断言通过


103</msg>
<status status="PASS" starttime="20210319 09:25:40.060" endtime="20210319 09:25:40.553"></status>
</kw>
<status status="PASS" starttime="20210319 09:25:40.057" endtime="20210319 09:25:40.553" critical="yes"></status>
</test>
<test id="s1-s1-t3" name="place_page">
<kw name="Create Dictionary" library="BuiltIn">
<doc>Creates and returns a dictionary based on the given ``items``.</doc>
<arguments>
<arg>current=1</arg>
<arg>size=10</arg>
</arguments>
<assign>
<var>${params}</var>
</assign>
<msg timestamp="20210319 09:25:40.554" level="INFO">${params} = {'current': '1', 'size': '10'}</msg>
<status status="PASS" starttime="20210319 09:25:40.553" endtime="20210319 09:25:40.554"></status>
</kw>
<kw name="Lightshadow Place Page" library="lightshadow">
<doc>场所表-根据名称或者类型Id查询/ener-lightshadow/place/page?size=12&amp;current=1&amp;categoryId=29</doc>
<arguments>
<arg>${params}</arg>
</arguments>
<msg timestamp="20210319 09:25:40.658" level="INFO">======开始请求get  /ener-lightshadow/place/page=============
请求内容：{'current': '1', 'size': '10'}
断言内容：{'message': None, 'success': True}
请求地址：http://121.36.252.209/ener-lightshadow/place/page?current=1&amp;size=10 
 应答内容：{"success":true,"message":null,"object":{"records":[{"id":103,"name":"UPD场所0319092540","categoryId":30,"description":"UPD场所0319092540","planeUrl":null,"planeAttachId":null,"coverUrl":"https://obs-for-seafood.obs.cn-east-3.myhuaweicloud.com:443/20210319_092540_751.jpg","coverAttachId":4671,"executeSceneId":null,"createTime":"2021-03-19 09:25:41","updateTime":"2021-03-19 09:25:42","deleted":false,"ids":null,"placeCategoryName":"自动化测试","scenes":[],"associationId":103,"associationType":"PLACE"},{"id":67,"name":"路灯LED屏","categoryId":28,"description":null,"planeUrl":null,"planeAttachId":null,"coverUrl":null,"coverAttachId":null,"executeSceneId":127,"createTime":"2021-01-19 17:45:03","updateTime":"2021-03-17 14:04:33","deleted":false,"ids":null,"placeCategoryName":"智慧路灯LED屏","scenes":[{"id":127,"placeId":67,"coverUrl":null,"coverAttachId":null,"name":"测试","enabled":false,"description":null,"triggerMode":"{\"manual\":false,\"timer\":true}","createTime":"2021-01-22 11:18:32","updateTime":"2021-01-28 13:15:05","deleted":false}],"associationId":67,"associationType":"PLACE"},{"id":66,"name":"路灯广播","categoryId":29,"description":null,"planeUrl":null,"planeAttachId":null,"coverUrl":null,"coverAttachId":null,"executeSceneId":128,"createTime":"2021-01-19 17:43:19","updateTime":"2021-01-28 13:16:06","deleted":false,"ids":null,"placeCategoryName":"智慧路灯广播","scenes":[{"id":128,"placeId":66,"coverUrl":null,"coverAttachId":null,"name":"广播演示","enabled":false,"description":null,"triggerMode":"{\"manual\":false,\"timer\":true}","createTime":"2021-01-22 13:38:10","updateTime":"2021-01-28 13:16:03","deleted":false}],"associationId":66,"associationType":"PLACE"},{"id":65,"name":"RGB路灯","categoryId":26,"description":null,"planeUrl":null,"planeAttachId":null,"coverUrl":null,"coverAttachId":null,"executeSceneId":null,"createTime":"2021-01-19 15:21:25","updateTime":"2021-01-28 13:16:19","deleted":false,"ids":null,"placeCategoryName":"照明","scenes":[],"associationId":65,"associationType":"PLACE"},{"id":62,"name":"演示场所","categoryId":25,"description":null,"planeUrl":null,"planeAttachId":null,"coverUrl":"https://obs-for-seafood.obs.cn-east-3.myhuaweicloud.com:443/20210105_164814_839.jpg","coverAttachId":4556,"executeSceneId":117,"createTime":"2021-01-05 16:48:13","updateTime":"2021-01-28 13:16:33","deleted":false,"ids":null,"placeCategoryName":null,"scenes":[{"id":117,"placeId":62,"coverUrl":"https://obs-for-seafood.obs.cn-east-3.myhuaweicloud.com:443/20210105_164910_149.jpg","coverAttachId":4557,"name":"周末","enabled":false,"description":null,"triggerMode":"{\"manual\":false,\"timer\":true}","createTime":"2021-01-05 16:49:11","updateTime":"2021-01-28 13:16:30","deleted":false}],"associationId":62,"associationType":"PLACE"}],"total":5,"size":10,"current":1,"orders":[],"optimizeCountSql":true,"hitCount":false,"countId":null,"maxLimit":null,"searchCount":true,"pages":1},"feignHystrix":false,"responseException":false}
结束get请求-------开始断言
======断言通过</msg>
<status status="PASS" starttime="20210319 09:25:40.554" endtime="20210319 09:25:40.658"></status>
</kw>
<status status="PASS" starttime="20210319 09:25:40.553" endtime="20210319 09:25:40.658" critical="yes"></status>
</test>
<test id="s1-s1-t4" name="place_list">
<kw name="Should Not Be Empty" library="BuiltIn">
<doc>Verifies that the given item is not empty.</doc>
<arguments>
<arg>'${s_category_id}'</arg>
<arg>场所类型id不能为空</arg>
</arguments>
<msg timestamp="20210319 09:25:40.659" level="INFO">Length is 4</msg>
<status status="PASS" starttime="20210319 09:25:40.659" endtime="20210319 09:25:40.659"></status>
</kw>
<kw name="Create Dictionary" library="BuiltIn">
<doc>Creates and returns a dictionary based on the given ``items``.</doc>
<arguments>
<arg>categoryId=${s_category_id}</arg>
</arguments>
<assign>
<var>${params}</var>
</assign>
<msg timestamp="20210319 09:25:40.660" level="INFO">${params} = {'categoryId': 30}</msg>
<status status="PASS" starttime="20210319 09:25:40.659" endtime="20210319 09:25:40.660"></status>
</kw>
<kw name="Lightshadow Place List" library="lightshadow">
<doc>根据场所类型Id查询所有场所/ener-lightshadow/place/list?categoryId=29</doc>
<arguments>
<arg>${params}</arg>
</arguments>
<msg timestamp="20210319 09:25:40.851" level="INFO">======开始请求get  /ener-lightshadow/place/list=============
请求内容：{'categoryId': 30}
断言内容：{'message': None, 'success': True}
请求地址：http://121.36.252.209/ener-lightshadow/place/list?categoryId=30 
 应答内容：{"success":true,"message":null,"object":[{"id":103,"name":"UPD场所0319092540","categoryId":30,"description":"UPD场所0319092540","planeUrl":null,"planeAttachId":null,"coverUrl":"https://obs-for-seafood.obs.cn-east-3.myhuaweicloud.com:443/20210319_092540_751.jpg","coverAttachId":4671,"executeSceneId":null,"createTime":"2021-03-19 09:25:41","updateTime":"2021-03-19 09:25:42","deleted":false,"associationId":103,"associationType":"PLACE"}],"feignHystrix":false,"responseException":false}
结束get请求-------开始断言
======断言通过</msg>
<status status="PASS" starttime="20210319 09:25:40.660" endtime="20210319 09:25:40.851"></status>
</kw>
<status status="PASS" starttime="20210319 09:25:40.658" endtime="20210319 09:25:40.851" critical="yes"></status>
</test>
<test id="s1-s1-t5" name="place_queryById">
<kw name="Should Not Be Empty" library="BuiltIn">
<doc>Verifies that the given item is not empty.</doc>
<arguments>
<arg>'${s_place_id}'</arg>
<arg>场所id不能为空</arg>
</arguments>
<msg timestamp="20210319 09:25:40.852" level="INFO">Length is 5</msg>
<status status="PASS" starttime="20210319 09:25:40.852" endtime="20210319 09:25:40.852"></status>
</kw>
<kw name="Create Dictionary" library="BuiltIn">
<doc>Creates and returns a dictionary based on the given ``items``.</doc>
<arguments>
<arg>id=${s_place_id}</arg>
</arguments>
<assign>
<var>${params}</var>
</assign>
<msg timestamp="20210319 09:25:40.852" level="INFO">${params} = {'id': 103}</msg>
<status status="PASS" starttime="20210319 09:25:40.852" endtime="20210319 09:25:40.852"></status>
</kw>
<kw name="Lightshadow Place QueryById" library="lightshadow">
<doc>场所-根据Id查询场所基本信息/ener-lightshadow/place/queryById?id=67</doc>
<arguments>
<arg>${params}</arg>
</arguments>
<msg timestamp="20210319 09:25:41.148" level="INFO">======开始请求get  /ener-lightshadow/place/queryById=============
请求内容：{'id': 103}
断言内容：{'message': None, 'success': True}
请求地址：http://121.36.252.209/ener-lightshadow/place/queryById?id=103 
 应答内容：{"success":true,"message":null,"object":{"id":103,"name":"UPD场所0319092540","categoryId":30,"description":"UPD场所0319092540","planeUrl":null,"planeAttachId":null,"coverUrl":"https://obs-for-seafood.obs.cn-east-3.myhuaweicloud.com:443/20210319_092540_751.jpg","coverAttachId":4671,"executeSceneId":null,"createTime":"2021-03-19 09:25:41","updateTime":"2021-03-19 09:25:42","deleted":false,"associationId":103,"associationType":"PLACE"},"feignHystrix":false,"responseException":false}
结束get请求-------开始断言
======断言通过</msg>
<status status="PASS" starttime="20210319 09:25:40.853" endtime="20210319 09:25:41.148"></status>
</kw>
<status status="PASS" starttime="20210319 09:25:40.851" endtime="20210319 09:25:41.149" critical="yes"></status>
</test>
<test id="s1-s1-t6" name="place_spacePageAll">
<kw name="Create Dictionary" library="BuiltIn">
<doc>Creates and returns a dictionary based on the given ``items``.</doc>
<arguments>
<arg>current=1</arg>
<arg>size=50</arg>
</arguments>
<assign>
<var>${params}</var>
</assign>
<msg timestamp="20210319 09:25:41.149" level="INFO">${params} = {'current': '1', 'size': '50'}</msg>
<status status="PASS" starttime="20210319 09:25:41.149" endtime="20210319 09:25:41.149"></status>
</kw>
<kw name="Lightshadow Place SpacePageAll" library="lightshadow">
<doc>查询所有可关联场所的空间信息
/ener-lightshadow/place/spacePageAll?current=1&amp;size=10
返回object['records']</doc>
<arguments>
<arg>${params}</arg>
</arguments>
<assign>
<var>${unuse_space_list}</var>
</assign>
<msg timestamp="20210319 09:25:41.563" level="INFO">======开始请求get  /ener-lightshadow/place/spacePageAll=============
请求内容：{'current': '1', 'size': '50'}
断言内容：{'message': None, 'success': True}
请求地址：http://121.36.252.209/ener-lightshadow/place/spacePageAll?current=1&amp;size=50 
 应答内容：{"success":true,"message":null,"object":{"records":[{"resourceId":472,"parentFullName":"","associationType":"SPACE","allAssetCount":0,"updateTime":1616117136000,"treeNodeId":472,"categoryName":"测试类别","parentId":0,"enabled":true,"subCount":0,"isRelated":false,"deleted":"0","treeNodeName":"1","createTime":1616117136000,"name":"1","location":"1","treeNodeParentId":0,"id":472,"sn":"20210319000001","state":"UNUSE","assetCount":0,"categoryId":10041,"resourceType":"SPACE","associationId":472},{"resourceId":458,"parentFullName":"","associationType":"SPACE","allAssetCount":2,"updateTime":1615258348000,"treeNodeId":458,"categoryName":"测试类别","parentId":0,"enabled":true,"subCount":0,"isRelated":false,"deleted":"0","treeNodeName":"12","createTime":1615258348000,"name":"12","location":"1","treeNodeParentId":0,"id":458,"sn":"20210309000003","state":"UNUSE","assetCount":2,"categoryId":10041,"resourceType":"SPACE","associationId":458},{"resourceId":457,"parentFullName":"","associationType":"SPACE","allAssetCount":0,"updateTime":1615258214000,"treeNodeId":457,"categoryName":"测试类别","parentId":0,"enabled":true,"subCount":0,"isRelated":false,"deleted":"0","treeNodeName":"autotest","createTime":1615258214000,"name":"autotest","location":"hz","treeNodeParentId":0,"id":457,"sn":"20210309000002","state":"UNUSE","assetCount":0,"categoryId":10041,"resourceType":"SPACE","associationId":457},{"resourceId":456,"parentFullName":"","associationType":"SPACE","allAssetCount":0,"updateTime":1615255690000,"treeNodeId":456,"categoryName":"测试类别","parentId":0,"enabled":true,"subCount":0,"isRelated":false,"deleted":"0","treeNodeName":"autotest","createTime":1615255690000,"name":"autotest","location":"hz","treeNodeParentId":0,"id":456,"sn":"20210309000001","state":"UNUSE","assetCount":0,"categoryId":10041,"resourceType":"SPACE","associationId":456},{"resourceId":421,"parentFullName":"","associationType":"SPACE","allAssetCount":21,"updateTime":1611049281000,"treeNodeId":421,"categoryName":"智慧路灯广播","parentId":0,"enabled":true,"subCount":0,"isRelated":false,"deleted":"0","treeNodeName":"路灯广播","createTime":1611049281000,"name":"路灯广播","treeNodeParentId":0,"id":421,"sn":"20210119000003","state":"UNUSE","assetCount":21,"categoryId":10039,"resourceType":"SPACE","associationId":421},{"resourceId":420,"parentFullName":"","associationType":"SPACE","allAssetCount":21,"updateTime":1611049206000,"treeNodeId":420,"categoryName":"智慧路灯LED屏","parentId":0,"enabled":true,"subCount":0,"isRelated":false,"deleted":"0","treeNodeName":"路灯LED屏","createTime":1611049206000,"name":"路灯LED屏","treeNodeParentId":0,"id":420,"sn":"20210119000002","state":"UNUSE","assetCount":21,"categoryId":10038,"resourceType":"SPACE","associationId":420},{"resourceId":418,"parentFullName":"","associationType":"SPACE","allAssetCount":61,"updateTime":1610961900000,"treeNodeId":418,"categoryName":"智慧路灯照明","parentId":0,"enabled":true,"subCount":1,"isRelated":false,"deleted":"0","treeNodeName":"智慧路灯照明","createTime":1610961900000,"name":"智慧路灯照明","location":"海鲜市场","treeNodeParentId":0,"id":418,"sn":"20210118000001","state":"UNUSE","assetCount":61,"categoryId":10037,"resourceType":"SPACE","associationId":418},{"resourceId":401,"parentFullName":"","associationType":"SPACE","allAssetCount":0,"updateTime":1610076140000,"treeNodeId":401,"categoryName":"招商中心","parentId":0,"enabled":true,"subCount":0,"isRelated":false,"deleted":"0","treeNodeName":"招商中心","createTime":1610076140000,"name":"招商中心","treeNodeParentId":0,"id":401,"sn":"20210108000001","state":"UNUSE","assetCount":0,"categoryId":10029,"resourceType":"SPACE","associationId":401},{"resourceId":70,"parentFullName":"","associationType":"SPACE","allAssetCount":0,"updateTime":1605583314000,"treeNodeId":70,"categoryName":"海鲜市场店铺","parentId":0,"enabled":true,"subCount":0,"isRelated":false,"deleted":"0","treeNodeName":"5*123","createTime":1605583314000,"name":"5*123","treeNodeParentId":0,"id":70,"sn":"SP070","state":"UNUSE","assetCount":0,"categoryId":10028,"resourceType":"SPACE","associationId":70},{"resourceId":71,"parentFullName":"","associationType":"SPACE","allAssetCount":0,"updateTime":1605583314000,"treeNodeId":71,"categoryName":"海鲜市场店铺","parentId":0,"enabled":true,"subCount":0,"isRelated":false,"deleted":"0","treeNodeName":"5*124","createTime":1605583314000,"name":"5*124","treeNodeParentId":0,"id":71,"sn":"SP071","state":"UNUSE","assetCount":0,"categoryId":10028,"resourceType":"SPACE","associationId":71},{"resourceId":52,"parentFullName":"","associationType":"SPACE","allAssetCount":0,"updateTime":1605583313000,"treeNodeId":52,"categoryName":"海鲜市场店铺","parentId":0,"enabled":true,"subCount":0,"isRelated":false,"deleted":"0","treeNodeName":"5*105","createTime":1605583313000,"name":"5*105","treeNodeParentId":0,"id":52,"sn":"SP052","state":"UNUSE","assetCount":0,"categoryId":10028,"resourceType":"SPACE","associationId":52},{"resourceId":53,"parentFullName":"","associationType":"SPACE","allAssetCount":0,"updateTime":1605583313000,"treeNodeId":53,"categoryName":"海鲜市场店铺","parentId":0,"enabled":true,"subCount":0,"isRelated":false,"deleted":"0","treeNodeName":"5*106","createTime":1605583313000,"name":"5*106","treeNodeParentId":0,"id":53,"sn":"SP053","state":"UNUSE","assetCount":0,"categoryId":10028,"resourceType":"SPACE","associationId":53},{"resourceId":54,"parentFullName":"","associationType":"SPACE","allAssetCount":0,"updateTime":1605583313000,"treeNodeId":54,"categoryName":"海鲜市场店铺","parentId":0,"enabled":true,"subCount":0,"isRelated":false,"deleted":"0","treeNodeName":"5*107","createTime":1605583313000,"name":"5*107","treeNodeParentId":0,"id":54,"sn":"SP054","state":"UNUSE","assetCount":0,"categoryId":10028,"resourceType":"SPACE","associationId":54},{"resourceId":55,"parentFullName":"","associationType":"SPACE","allAssetCount":0,"updateTime":1605583313000,"treeNodeId":55,"categoryName":"海鲜市场店铺","parentId":0,"enabled":true,"subCount":0,"isRelated":false,"deleted":"0","treeNodeName":"5*108","createTime":1605583313000,"name":"5*108","treeNodeParentId":0,"id":55,"sn":"SP055","state":"UNUSE","assetCount":0,"categoryId":10028,"resourceType":"SPACE","associationId":55},{"resourceId":56,"parentFullName":"","associationType":"SPACE","allAssetCount":0,"updateTime":1605583313000,"treeNodeId":56,"categoryName":"海鲜市场店铺","parentId":0,"enabled":true,"subCount":0,"isRelated":false,"deleted":"0","treeNodeName":"5*109","createTime":1605583313000,"name":"5*109","treeNodeParentId":0,"id":56,"sn":"SP056","state":"UNUSE","assetCount":0,"categoryId":10028,"resourceType":"SPACE","associationId":56},{"resourceId":57,"parentFullName":"","associationType":"SPACE","allAssetCount":0,"updateTime":1605583313000,"treeNodeId":57,"categoryName":"海鲜市场店铺","parentId":0,"enabled":true,"subCount":0,"isRelated":false,"deleted":"0","treeNodeName":"5*110","createTime":1605583313000,"name":"5*110","treeNodeParentId":0,"id":57,"sn":"SP057","state":"UNUSE","assetCount":0,"categoryId":10028,"resourceType":"SPACE","associationId":57},{"resourceId":58,"parentFullName":"","associationType":"SPACE","allAssetCount":0,"updateTime":1605583313000,"treeNodeId":58,"categoryName":"海鲜市场店铺","parentId":0,"enabled":true,"subCount":0,"isRelated":false,"deleted":"0","treeNodeName":"5*111","createTime":1605583313000,"name":"5*111","treeNodeParentId":0,"id":58,"sn":"SP058","state":"UNUSE","assetCount":0,"categoryId":10028,"resourceType":"SPACE","associationId":58},{"resourceId":59,"parentFullName":"","associationType":"SPACE","allAssetCount":0,"updateTime":1605583313000,"treeNodeId":59,"categoryName":"海鲜市场店铺","parentId":0,"enabled":true,"subCount":0,"isRelated":false,"deleted":"0","treeNodeName":"5*112","createTime":1605583313000,"name":"5*112","treeNodeParentId":0,"id":59,"sn":"SP059","state":"UNUSE","assetCount":0,"categoryId":10028,"resourceType":"SPACE","associationId":59},{"resourceId":60,"parentFullName":"","associationType":"SPACE","allAssetCount":0,"updateTime":1605583313000,"treeNodeId":60,"categoryName":"海鲜市场店铺","parentId":0,"enabled":true,"subCount":0,"isRelated":false,"deleted":"0","treeNodeName":"5*113","createTime":1605583313000,"name":"5*113","treeNodeParentId":0,"id":60,"sn":"SP060","state":"UNUSE","assetCount":0,"categoryId":10028,"resourceType":"SPACE","associationId":60},{"resourceId":61,"parentFullName":"","associationType":"SPACE","allAssetCount":0,"updateTime":1605583313000,"treeNodeId":61,"categoryName":"海鲜市场店铺","parentId":0,"enabled":true,"subCount":0,"isRelated":false,"deleted":"0","treeNodeName":"5*114","createTime":1605583313000,"name":"5*114","treeNodeParentId":0,"id":61,"sn":"SP061","state":"UNUSE","assetCount":0,"categoryId":10028,"resourceType":"SPACE","associationId":61},{"resourceId":62,"parentFullName":"","associationType":"SPACE","allAssetCount":0,"updateTime":1605583313000,"treeNodeId":62,"categoryName":"海鲜市场店铺","parentId":0,"enabled":true,"subCount":0,"isRelated":false,"deleted":"0","treeNodeName":"5*115","createTime":1605583313000,"name":"5*115","treeNodeParentId":0,"id":62,"sn":"SP062","state":"UNUSE","assetCount":0,"categoryId":10028,"resourceType":"SPACE","associationId":62},{"resourceId":63,"parentFullName":"","associationType":"SPACE","allAssetCount":0,"updateTime":1605583313000,"treeNodeId":63,"categoryName":"海鲜市场店铺","parentId":0,"enabled":true,"subCount":0,"isRelated":false,"deleted":"0","treeNodeName":"5*116","createTime":1605583313000,"name":"5*116","treeNodeParentId":0,"id":63,"sn":"SP063","state":"UNUSE","assetCount":0,"categoryId":10028,"resourceType":"SPACE","associationId":63},{"resourceId":64,"parentFullName":"","associationType":"SPACE","allAssetCount":0,"updateTime":1605583313000,"treeNodeId":64,"categoryName":"海鲜市场店铺","parentId":0,"enabled":true,"subCount":0,"isRelated":false,"deleted":"0","treeNodeName":"5*117","createTime":1605583313000,"name":"5*117","treeNodeParentId":0,"id":64,"sn":"SP064","state":"UNUSE","assetCount":0,"categoryId":10028,"resourceType":"SPACE","associationId":64},{"resourceId":65,"parentFullName":"","associationType":"SPACE","allAssetCount":0,"updateTime":1605583313000,"treeNodeId":65,"categoryName":"海鲜市场店铺","parentId":0,"enabled":true,"subCount":0,"isRelated":false,"deleted":"0","treeNodeName":"5*118","createTime":1605583313000,"name":"5*118","treeNodeParentId":0,"id":65,"sn":"SP065","state":"UNUSE","assetCount":0,"categoryId":10028,"resourceType":"SPACE","associationId":65},{"resourceId":66,"parentFullName":"","associationType":"SPACE","allAssetCount":0,"updateTime":1605583313000,"treeNodeId":66,"categoryName":"海鲜市场店铺","parentId":0,"enabled":true,"subCount":0,"isRelated":false,"deleted":"0","treeNodeName":"5*119","createTime":1605583313000,"name":"5*119","treeNodeParentId":0,"id":66,"sn":"SP066","state":"UNUSE","assetCount":0,"categoryId":10028,"resourceType":"SPACE","associationId":66},{"resourceId":67,"parentFullName":"","associationType":"SPACE","allAssetCount":0,"updateTime":1605583313000,"treeNodeId":67,"categoryName":"海鲜市场店铺","parentId":0,"enabled":true,"subCount":0,"isRelated":false,"deleted":"0","treeNodeName":"5*120","createTime":1605583313000,"name":"5*120","treeNodeParentId":0,"id":67,"sn":"SP067","state":"UNUSE","assetCount":0,"categoryId":10028,"resourceType":"SPACE","associationId":67},{"resourceId":68,"parentFullName":"","associationType":"SPACE","allAssetCount":0,"updateTime":1605583313000,"treeNodeId":68,"categoryName":"海鲜市场店铺","parentId":0,"enabled":true,"subCount":0,"isRelated":false,"deleted":"0","treeNodeName":"5*121","createTime":1605583313000,"name":"5*121","treeNodeParentId":0,"id":68,"sn":"SP068","state":"UNUSE","assetCount":0,"categoryId":10028,"resourceType":"SPACE","associationId":68},{"resourceId":69,"parentFullName":"","associationType":"SPACE","allAssetCount":0,"updateTime":1605583313000,"treeNodeId":69,"categoryName":"海鲜市场店铺","parentId":0,"enabled":true,"subCount":0,"isRelated":false,"deleted":"0","treeNodeName":"5*122","createTime":1605583313000,"name":"5*122","treeNodeParentId":0,"id":69,"sn":"SP069","state":"UNUSE","assetCount":0,"categoryId":10028,"resourceType":"SPACE","associationId":69},{"resourceId":32,"parentFullName":"","associationType":"SPACE","allAssetCount":0,"updateTime":1605583312000,"treeNodeId":32,"categoryName":"海鲜市场店铺","parentId":0,"enabled":true,"subCount":0,"isRelated":false,"deleted":"0","treeNodeName":"4*113","createTime":1605583312000,"name":"4*113","treeNodeParentId":0,"id":32,"sn":"SP032","state":"UNUSE","assetCount":0,"categoryId":10028,"resourceType":"SPACE","associationId":32},{"resourceId":33,"parentFullName":"","associationType":"SPACE","allAssetCount":0,"updateTime":1605583312000,"treeNodeId":33,"categoryName":"海鲜市场店铺","parentId":0,"enabled":true,"subCount":0,"isRelated":false,"deleted":"0","treeNodeName":"4*112","createTime":1605583312000,"name":"4*112","treeNodeParentId":0,"id":33,"sn":"SP033","state":"UNUSE","assetCount":0,"categoryId":10028,"resourceType":"SPACE","associationId":33},{"resourceId":34,"parentFullName":"","associationType":"SPACE","allAssetCount":0,"updateTime":1605583312000,"treeNodeId":34,"categoryName":"海鲜市场店铺","parentId":0,"enabled":true,"subCount":0,"isRelated":false,"deleted":"0","treeNodeName":"4*111","createTime":1605583312000,"name":"4*111","treeNodeParentId":0,"id":34,"sn":"SP034","state":"UNUSE","assetCount":0,"categoryId":10028,"resourceType":"SPACE","associationId":34},{"resourceId":35,"parentFullName":"","associationType":"SPACE","allAssetCount":0,"updateTime":1605583312000,"treeNodeId":35,"categoryName":"海鲜市场店铺","parentId":0,"enabled":true,"subCount":0,"isRelated":false,"deleted":"0","treeNodeName":"4*110","createTime":1605583312000,"name":"4*110","treeNodeParentId":0,"id":35,"sn":"SP035","state":"UNUSE","assetCount":0,"categoryId":10028,"resourceType":"SPACE","associationId":35},{"resourceId":36,"parentFullName":"","associationType":"SPACE","allAssetCount":0,"updateTime":1605583312000,"treeNodeId":36,"categoryName":"海鲜市场店铺","parentId":0,"enabled":true,"subCount":0,"isRelated":false,"deleted":"0","treeNodeName":"4*109","createTime":1605583312000,"name":"4*109","treeNodeParentId":0,"id":36,"sn":"SP036","state":"UNUSE","assetCount":0,"categoryId":10028,"resourceType":"SPACE","associationId":36},{"resourceId":37,"parentFullName":"","associationType":"SPACE","allAssetCount":0,"updateTime":1605583312000,"treeNodeId":37,"categoryName":"海鲜市场店铺","parentId":0,"enabled":true,"subCount":0,"isRelated":false,"deleted":"0","treeNodeName":"4*108","createTime":1605583312000,"name":"4*108","treeNodeParentId":0,"id":37,"sn":"SP037","state":"UNUSE","assetCount":0,"categoryId":10028,"resourceType":"SPACE","associationId":37},{"resourceId":38,"parentFullName":"","associationType":"SPACE","allAssetCount":0,"updateTime":1605583312000,"treeNodeId":38,"categoryName":"海鲜市场店铺","parentId":0,"enabled":true,"subCount":0,"isRelated":false,"deleted":"0","treeNodeName":"4*107","createTime":1605583312000,"name":"4*107","treeNodeParentId":0,"id":38,"sn":"SP038","state":"UNUSE","assetCount":0,"categoryId":10028,"resourceType":"SPACE","associationId":38},{"resourceId":39,"parentFullName":"","associationType":"SPACE","allAssetCount":0,"updateTime":1605583312000,"treeNodeId":39,"categoryName":"海鲜市场店铺","parentId":0,"enabled":true,"subCount":0,"isRelated":false,"deleted":"0","treeNodeName":"4*106","createTime":1605583312000,"name":"4*106","treeNodeParentId":0,"id":39,"sn":"SP039","state":"UNUSE","assetCount":0,"categoryId":10028,"resourceType":"SPACE","associationId":39},{"resourceId":40,"parentFullName":"","associationType":"SPACE","allAssetCount":0,"updateTime":1605583312000,"treeNodeId":40,"categoryName":"海鲜市场店铺","parentId":0,"enabled":true,"subCount":0,"isRelated":false,"deleted":"0","treeNodeName":"4*105","createTime":1605583312000,"name":"4*105","treeNodeParentId":0,"id":40,"sn":"SP040","state":"UNUSE","assetCount":0,"categoryId":10028,"resourceType":"SPACE","associationId":40},{"resourceId":41,"parentFullName":"","associationType":"SPACE","allAssetCount":0,"updateTime":1605583312000,"treeNodeId":41,"categoryName":"海鲜市场店铺","parentId":0,"enabled":true,"subCount":0,"isRelated":false,"deleted":"0","treeNodeName":"4*104","createTime":1605583312000,"name":"4*104","treeNodeParentId":0,"id":41,"sn":"SP041","state":"UNUSE","assetCount":0,"categoryId":10028,"resourceType":"SPACE","associationId":41},{"resourceId":42,"parentFullName":"","associationType":"SPACE","allAssetCount":0,"updateTime":1605583312000,"treeNodeId":42,"categoryName":"海鲜市场店铺","parentId":0,"enabled":true,"subCount":0,"isRelated":false,"deleted":"0","treeNodeName":"4*103","createTime":1605583312000,"name":"4*103","treeNodeParentId":0,"id":42,"sn":"SP042","state":"UNUSE","assetCount":0,"categoryId":10028,"resourceType":"SPACE","associationId":42},{"resourceId":43,"parentFullName":"","associationType":"SPACE","allAssetCount":0,"updateTime":1605583312000,"treeNodeId":43,"categoryName":"海鲜市场店铺","parentId":0,"enabled":true,"subCount":0,"isRelated":false,"deleted":"0","treeNodeName":"4*102","createTime":1605583312000,"name":"4*102","treeNodeParentId":0,"id":43,"sn":"SP043","state":"UNUSE","assetCount":0,"categoryId":10028,"resourceType":"SPACE","associationId":43},{"resourceId":44,"parentFullName":"","associationType":"SPACE","allAssetCount":0,"updateTime":1605583312000,"treeNodeId":44,"categoryName":"海鲜市场店铺","parentId":0,"enabled":true,"subCount":0,"isRelated":false,"deleted":"0","treeNodeName":"4*101","createTime":1605583312000,"name":"4*101","treeNodeParentId":0,"id":44,"sn":"SP044","state":"UNUSE","assetCount":0,"categoryId":10028,"resourceType":"SPACE","associationId":44},{"resourceId":45,"parentFullName":"","associationType":"SPACE","allAssetCount":0,"updateTime":1605583312000,"treeNodeId":45,"categoryName":"海鲜市场店铺","parentId":0,"enabled":true,"subCount":0,"isRelated":false,"deleted":"0","treeNodeName":"4*117","createTime":1605583312000,"name":"4*117","treeNodeParentId":0,"id":45,"sn":"SP045","state":"UNUSE","assetCount":0,"categoryId":10028,"resourceType":"SPACE","associationId":45},{"resourceId":46,"parentFullName":"","associationType":"SPACE","allAssetCount":0,"updateTime":1605583312000,"treeNodeId":46,"categoryName":"海鲜市场店铺","parentId":0,"enabled":true,"subCount":0,"isRelated":false,"deleted":"0","treeNodeName":"4*116","createTime":1605583312000,"name":"4*116","treeNodeParentId":0,"id":46,"sn":"SP046","state":"UNUSE","assetCount":0,"categoryId":10028,"resourceType":"SPACE","associationId":46},{"resourceId":47,"parentFullName":"","associationType":"SPACE","allAssetCount":0,"updateTime":1605583312000,"treeNodeId":47,"categoryName":"海鲜市场店铺","parentId":0,"enabled":true,"subCount":0,"isRelated":false,"deleted":"0","treeNodeName":"4*115","createTime":1605583312000,"name":"4*115","treeNodeParentId":0,"id":47,"sn":"SP047","state":"UNUSE","assetCount":0,"categoryId":10028,"resourceType":"SPACE","associationId":47},{"resourceId":48,"parentFullName":"","associationType":"SPACE","allAssetCount":0,"updateTime":1605583312000,"treeNodeId":48,"categoryName":"海鲜市场店铺","parentId":0,"enabled":true,"subCount":0,"isRelated":false,"deleted":"0","treeNodeName":"5*101","createTime":1605583312000,"name":"5*101","treeNodeParentId":0,"id":48,"sn":"SP049","state":"UNUSE","assetCount":0,"categoryId":10028,"resourceType":"SPACE","associationId":48},{"resourceId":49,"parentFullName":"","associationType":"SPACE","allAssetCount":0,"updateTime":1605583312000,"treeNodeId":49,"categoryName":"海鲜市场店铺","parentId":0,"enabled":true,"subCount":0,"isRelated":false,"deleted":"0","treeNodeName":"5*102","createTime":1605583312000,"name":"5*102","treeNodeParentId":0,"id":49,"sn":"SP048","state":"UNUSE","assetCount":0,"categoryId":10028,"resourceType":"SPACE","associationId":49},{"resourceId":50,"parentFullName":"","associationType":"SPACE","allAssetCount":0,"updateTime":1605583312000,"treeNodeId":50,"categoryName":"海鲜市场店铺","parentId":0,"enabled":true,"subCount":0,"isRelated":false,"deleted":"0","treeNodeName":"5*103","createTime":1605583312000,"name":"5*103","treeNodeParentId":0,"id":50,"sn":"SP050","state":"UNUSE","assetCount":0,"categoryId":10028,"resourceType":"SPACE","associationId":50},{"resourceId":51,"parentFullName":"","associationType":"SPACE","allAssetCount":0,"updateTime":1605583312000,"treeNodeId":51,"categoryName":"海鲜市场店铺","parentId":0,"enabled":true,"subCount":0,"isRelated":false,"deleted":"0","treeNodeName":"5*104","createTime":1605583312000,"name":"5*104","treeNodeParentId":0,"id":51,"sn":"SP051","state":"UNUSE","assetCount":0,"categoryId":10028,"resourceType":"SPACE","associationId":51},{"resourceId":15,"parentFullName":"","associationType":"SPACE","allAssetCount":0,"updateTime":1605583311000,"treeNodeId":15,"categoryName":"海鲜市场店铺","parentId":0,"enabled":true,"subCount":0,"isRelated":false,"deleted":"0","treeNodeName":"1*107","createTime":1605583311000,"name":"1*107","treeNodeParentId":0,"id":15,"sn":"SP015","state":"UNUSE","assetCount":0,"categoryId":10028,"resourceType":"SPACE","associationId":15},{"resourceId":16,"parentFullName":"","associationType":"SPACE","allAssetCount":0,"updateTime":1605583311000,"treeNodeId":16,"categoryName":"海鲜市场店铺","parentId":0,"enabled":true,"subCount":0,"isRelated":false,"deleted":"0","treeNodeName":"1*106","createTime":1605583311000,"name":"1*106","treeNodeParentId":0,"id":16,"sn":"SP016","state":"UNUSE","assetCount":0,"categoryId":10028,"resourceType":"SPACE","associationId":16}],"total":79,"size":50,"current":1,"orders":[],"optimizeCountSql":true,"hitCount":false,"countId":null,"maxLimit":null,"searchCount":true,"pages":2},"feignHystrix":false,"responseException":false}
结束get请求-------开始断言
======断言通过</msg>
<msg timestamp="20210319 09:25:41.563" level="INFO">${unuse_space_list} = {'records': [{'resourceId': 472, 'parentFullName': '', 'associationType': 'SPACE', 'allAssetCount': 0, 'updateTime': 1616117136000, 'treeNodeId': 472, 'categoryName': '测试类别', 'parentId': 0, 'enabled':...</msg>
<status status="PASS" starttime="20210319 09:25:41.149" endtime="20210319 09:25:41.563"></status>
</kw>
<kw name="Set Suite Variable" library="BuiltIn">
<doc>Makes a variable available everywhere within the scope of the current suite.</doc>
<arguments>
<arg>${s_space_id}</arg>
<arg>${unuse_space_list}[records][0][resourceId]</arg>
</arguments>
<msg timestamp="20210319 09:25:41.564" level="INFO">${s_space_id} = 472</msg>
<status status="PASS" starttime="20210319 09:25:41.564" endtime="20210319 09:25:41.564"></status>
</kw>
<kw name="Set Variable" library="BuiltIn">
<doc>Returns the given values which can then be assigned to a variables.</doc>
<arguments>
<arg>${unuse_space_list}[records]</arg>
</arguments>
<assign>
<var>${records}</var>
</assign>
<msg timestamp="20210319 09:25:41.566" level="INFO">${records} = [{'resourceId': 472, 'parentFullName': '', 'associationType': 'SPACE', 'allAssetCount': 0, 'updateTime': 1616117136000, 'treeNodeId': 472, 'categoryName': '测试类别', 'parentId': 0, 'enabled': True, 'subC...</msg>
<status status="PASS" starttime="20210319 09:25:41.564" endtime="20210319 09:25:41.566"></status>
</kw>
<kw name="${item} IN [ @{records} ]" type="for">
<kw name="${item} = {'resourceId': 472, 'parentFullName': '', 'associationType': 'SPACE', 'allAssetCount': 0, 'updateTime': 1616117136000, 'treeNodeId': 472, 'categoryName': '测试类别', 'parentId': 0, 'enabled': True, 'subCo..." type="foritem">
<kw name="Set Variable If" library="BuiltIn">
<doc>Sets variable based on the given condition.</doc>
<arguments>
<arg>${item}[subCount]&gt;0</arg>
<arg>${item}[resourceId]</arg>
</arguments>
<assign>
<var>${space_parentId}</var>
</assign>
<msg timestamp="20210319 09:25:41.567" level="INFO">${space_parentId} = None</msg>
<status status="PASS" starttime="20210319 09:25:41.566" endtime="20210319 09:25:41.567"></status>
</kw>
<kw name="Exit For Loop If" library="BuiltIn">
<doc>Stops executing the enclosing for loop if the ``condition`` is true.</doc>
<arguments>
<arg>${space_parentId}!=${none}</arg>
</arguments>
<status status="PASS" starttime="20210319 09:25:41.567" endtime="20210319 09:25:41.567"></status>
</kw>
<status status="PASS" starttime="20210319 09:25:41.566" endtime="20210319 09:25:41.567"></status>
</kw>
<kw name="${item} = {'resourceId': 458, 'parentFullName': '', 'associationType': 'SPACE', 'allAssetCount': 2, 'updateTime': 1615258348000, 'treeNodeId': 458, 'categoryName': '测试类别', 'parentId': 0, 'enabled': True, 'subCo..." type="foritem">
<kw name="Set Variable If" library="BuiltIn">
<doc>Sets variable based on the given condition.</doc>
<arguments>
<arg>${item}[subCount]&gt;0</arg>
<arg>${item}[resourceId]</arg>
</arguments>
<assign>
<var>${space_parentId}</var>
</assign>
<msg timestamp="20210319 09:25:41.568" level="INFO">${space_parentId} = None</msg>
<status status="PASS" starttime="20210319 09:25:41.567" endtime="20210319 09:25:41.568"></status>
</kw>
<kw name="Exit For Loop If" library="BuiltIn">
<doc>Stops executing the enclosing for loop if the ``condition`` is true.</doc>
<arguments>
<arg>${space_parentId}!=${none}</arg>
</arguments>
<status status="PASS" starttime="20210319 09:25:41.568" endtime="20210319 09:25:41.568"></status>
</kw>
<status status="PASS" starttime="20210319 09:25:41.567" endtime="20210319 09:25:41.568"></status>
</kw>
<kw name="${item} = {'resourceId': 457, 'parentFullName': '', 'associationType': 'SPACE', 'allAssetCount': 0, 'updateTime': 1615258214000, 'treeNodeId': 457, 'categoryName': '测试类别', 'parentId': 0, 'enabled': True, 'subCo..." type="foritem">
<kw name="Set Variable If" library="BuiltIn">
<doc>Sets variable based on the given condition.</doc>
<arguments>
<arg>${item}[subCount]&gt;0</arg>
<arg>${item}[resourceId]</arg>
</arguments>
<assign>
<var>${space_parentId}</var>
</assign>
<msg timestamp="20210319 09:25:41.568" level="INFO">${space_parentId} = None</msg>
<status status="PASS" starttime="20210319 09:25:41.568" endtime="20210319 09:25:41.568"></status>
</kw>
<kw name="Exit For Loop If" library="BuiltIn">
<doc>Stops executing the enclosing for loop if the ``condition`` is true.</doc>
<arguments>
<arg>${space_parentId}!=${none}</arg>
</arguments>
<status status="PASS" starttime="20210319 09:25:41.569" endtime="20210319 09:25:41.569"></status>
</kw>
<status status="PASS" starttime="20210319 09:25:41.568" endtime="20210319 09:25:41.569"></status>
</kw>
<kw name="${item} = {'resourceId': 456, 'parentFullName': '', 'associationType': 'SPACE', 'allAssetCount': 0, 'updateTime': 1615255690000, 'treeNodeId': 456, 'categoryName': '测试类别', 'parentId': 0, 'enabled': True, 'subCo..." type="foritem">
<kw name="Set Variable If" library="BuiltIn">
<doc>Sets variable based on the given condition.</doc>
<arguments>
<arg>${item}[subCount]&gt;0</arg>
<arg>${item}[resourceId]</arg>
</arguments>
<assign>
<var>${space_parentId}</var>
</assign>
<msg timestamp="20210319 09:25:41.569" level="INFO">${space_parentId} = None</msg>
<status status="PASS" starttime="20210319 09:25:41.569" endtime="20210319 09:25:41.569"></status>
</kw>
<kw name="Exit For Loop If" library="BuiltIn">
<doc>Stops executing the enclosing for loop if the ``condition`` is true.</doc>
<arguments>
<arg>${space_parentId}!=${none}</arg>
</arguments>
<status status="PASS" starttime="20210319 09:25:41.569" endtime="20210319 09:25:41.570"></status>
</kw>
<status status="PASS" starttime="20210319 09:25:41.569" endtime="20210319 09:25:41.570"></status>
</kw>
<kw name="${item} = {'resourceId': 421, 'parentFullName': '', 'associationType': 'SPACE', 'allAssetCount': 21, 'updateTime': 1611049281000, 'treeNodeId': 421, 'categoryName': '智慧路灯广播', 'parentId': 0, 'enabled': True, 'su..." type="foritem">
<kw name="Set Variable If" library="BuiltIn">
<doc>Sets variable based on the given condition.</doc>
<arguments>
<arg>${item}[subCount]&gt;0</arg>
<arg>${item}[resourceId]</arg>
</arguments>
<assign>
<var>${space_parentId}</var>
</assign>
<msg timestamp="20210319 09:25:41.570" level="INFO">${space_parentId} = None</msg>
<status status="PASS" starttime="20210319 09:25:41.570" endtime="20210319 09:25:41.570"></status>
</kw>
<kw name="Exit For Loop If" library="BuiltIn">
<doc>Stops executing the enclosing for loop if the ``condition`` is true.</doc>
<arguments>
<arg>${space_parentId}!=${none}</arg>
</arguments>
<status status="PASS" starttime="20210319 09:25:41.570" endtime="20210319 09:25:41.571"></status>
</kw>
<status status="PASS" starttime="20210319 09:25:41.570" endtime="20210319 09:25:41.571"></status>
</kw>
<kw name="${item} = {'resourceId': 420, 'parentFullName': '', 'associationType': 'SPACE', 'allAssetCount': 21, 'updateTime': 1611049206000, 'treeNodeId': 420, 'categoryName': '智慧路灯LED屏', 'parentId': 0, 'enabled': True, '..." type="foritem">
<kw name="Set Variable If" library="BuiltIn">
<doc>Sets variable based on the given condition.</doc>
<arguments>
<arg>${item}[subCount]&gt;0</arg>
<arg>${item}[resourceId]</arg>
</arguments>
<assign>
<var>${space_parentId}</var>
</assign>
<msg timestamp="20210319 09:25:41.571" level="INFO">${space_parentId} = None</msg>
<status status="PASS" starttime="20210319 09:25:41.571" endtime="20210319 09:25:41.571"></status>
</kw>
<kw name="Exit For Loop If" library="BuiltIn">
<doc>Stops executing the enclosing for loop if the ``condition`` is true.</doc>
<arguments>
<arg>${space_parentId}!=${none}</arg>
</arguments>
<status status="PASS" starttime="20210319 09:25:41.572" endtime="20210319 09:25:41.572"></status>
</kw>
<status status="PASS" starttime="20210319 09:25:41.571" endtime="20210319 09:25:41.572"></status>
</kw>
<kw name="${item} = {'resourceId': 418, 'parentFullName': '', 'associationType': 'SPACE', 'allAssetCount': 61, 'updateTime': 1610961900000, 'treeNodeId': 418, 'categoryName': '智慧路灯照明', 'parentId': 0, 'enabled': True, 'su..." type="foritem">
<kw name="Set Variable If" library="BuiltIn">
<doc>Sets variable based on the given condition.</doc>
<arguments>
<arg>${item}[subCount]&gt;0</arg>
<arg>${item}[resourceId]</arg>
</arguments>
<assign>
<var>${space_parentId}</var>
</assign>
<msg timestamp="20210319 09:25:41.572" level="INFO">${space_parentId} = 418</msg>
<status status="PASS" starttime="20210319 09:25:41.572" endtime="20210319 09:25:41.572"></status>
</kw>
<kw name="Exit For Loop If" library="BuiltIn">
<doc>Stops executing the enclosing for loop if the ``condition`` is true.</doc>
<arguments>
<arg>${space_parentId}!=${none}</arg>
</arguments>
<msg timestamp="20210319 09:25:41.573" level="INFO">Exiting for loop altogether.</msg>
<status status="PASS" starttime="20210319 09:25:41.572" endtime="20210319 09:25:41.573"></status>
</kw>
<status status="PASS" starttime="20210319 09:25:41.572" endtime="20210319 09:25:41.573"></status>
</kw>
<status status="PASS" starttime="20210319 09:25:41.566" endtime="20210319 09:25:41.573"></status>
</kw>
<kw name="Set Suite Variable" library="BuiltIn">
<doc>Makes a variable available everywhere within the scope of the current suite.</doc>
<arguments>
<arg>${s_space_parentId}</arg>
<arg>${space_parentId}</arg>
</arguments>
<msg timestamp="20210319 09:25:41.573" level="INFO">${s_space_parentId} = 418</msg>
<status status="PASS" starttime="20210319 09:25:41.573" endtime="20210319 09:25:41.573"></status>
</kw>
<status status="PASS" starttime="20210319 09:25:41.149" endtime="20210319 09:25:41.574" critical="yes"></status>
</test>
<test id="s1-s1-t7" name="place_addSpaceRelation">
<kw name="Should Not Be Empty" library="BuiltIn">
<doc>Verifies that the given item is not empty.</doc>
<arguments>
<arg>'${s_place_id}'</arg>
<arg>场所id不能为空</arg>
</arguments>
<msg timestamp="20210319 09:25:41.575" level="INFO">Length is 5</msg>
<status status="PASS" starttime="20210319 09:25:41.575" endtime="20210319 09:25:41.575"></status>
</kw>
<kw name="Set Variable If" library="BuiltIn">
<doc>Sets variable based on the given condition.</doc>
<arguments>
<arg>${s_space_parentId}==${none}</arg>
<arg>${s_space_id}</arg>
<arg>${s_space_parentId}</arg>
</arguments>
<assign>
<var>${space_id}</var>
</assign>
<msg timestamp="20210319 09:25:41.576" level="INFO">${space_id} = 418</msg>
<status status="PASS" starttime="20210319 09:25:41.575" endtime="20210319 09:25:41.576"></status>
</kw>
<kw name="Create Dictionary" library="BuiltIn">
<doc>Creates and returns a dictionary based on the given ``items``.</doc>
<arguments>
<arg>id=${s_place_id}</arg>
<arg>spaceIds=${space_id}</arg>
</arguments>
<assign>
<var>${params}</var>
</assign>
<msg timestamp="20210319 09:25:41.576" level="INFO">${params} = {'id': 103, 'spaceIds': 418}</msg>
<status status="PASS" starttime="20210319 09:25:41.576" endtime="20210319 09:25:41.577"></status>
</kw>
<kw name="Lightshadow Place AddSpaceRelation" library="lightshadow">
<doc>场所-关联空间/ener-lightshadow/place/addSpaceRelation;id      70;spaceIds     401</doc>
<arguments>
<arg>${params}</arg>
</arguments>
<msg timestamp="20210319 09:25:41.749" level="INFO">======开始请求post  /ener-lightshadow/place/addSpaceRelation=============
请求内容：{'id': 103, 'spaceIds': 418}
断言内容：{'message': None, 'success': True}
请求地址：http://121.36.252.209/ener-lightshadow/place/addSpaceRelation 
 应答内容：{"success":false,"message":"\n### Error querying database.  Cause: java.sql.SQLSyntaxErrorException: Unknown column 'group_id' in 'field list'\n### The error may exist in com/landsky/ener/basic/component/association/mapper/AssociationMapper.java (best guess)\n### The error may involve defaultParameterMap\n### The error occurred while setting parameters\n### SQL: SELECT  id,parent_id,parent_type,child_id,child_type,group_id  FROM t_association     WHERE (parent_id = ? AND parent_type = ?)\n### Cause: java.sql.SQLSyntaxErrorException: Unknown column 'group_id' in 'field list'\n; bad SQL grammar []; nested exception is java.sql.SQLSyntaxErrorException: Unknown column 'group_id' in 'field list'","object":null,"feignHystrix":false,"responseException":true}
结束post请求-------开始断言</msg>
<msg timestamp="20210319 09:25:41.751" level="FAIL">文本应答的值【
### Error querying database.  Cause: java.sql.SQLSyntaxErrorException: Unknown column 'group_id' in 'field list'
### The error may exist in com/landsky/ener/basic/component/association/mapper/AssociationMapper.java (best guess)
### The error may involve defaultParameterMap
### The error occurred while setting parameters
### SQL: SELECT  id,parent_id,parent_type,child_id,child_type,group_id  FROM t_association     WHERE (parent_id = ? AND parent_type = ?)
### Cause: java.sql.SQLSyntaxErrorException: Unknown column 'group_id' in 'field list'
; bad SQL grammar []; nested exception is java.sql.SQLSyntaxErrorException: Unknown column 'group_id' in 'field list'】要等于【None】才通过</msg>
<status status="FAIL" starttime="20210319 09:25:41.577" endtime="20210319 09:25:41.751"></status>
</kw>
<status status="FAIL" starttime="20210319 09:25:41.574" endtime="20210319 09:25:41.751" critical="yes">文本应答的值【
### Error querying database.  Cause: java.sql.SQLSyntaxErrorException: Unknown column 'group_id' in 'field list'
### The error may exist in com/landsky/ener/basic/component/association/mapper/AssociationMapper.java (best guess)
### The error may involve defaultParameterMap
### The error occurred while setting parameters
### SQL: SELECT  id,parent_id,parent_type,child_id,child_type,group_id  FROM t_association     WHERE (parent_id = ? AND parent_type = ?)
### Cause: java.sql.SQLSyntaxErrorException: Unknown column 'group_id' in 'field list'
; bad SQL grammar []; nested exception is java.sql.SQLSyntaxErrorException: Unknown column 'group_id' in 'field list'】要等于【None】才通过</status>
</test>
<test id="s1-s1-t8" name="place_spacePage">
<kw name="Should Not Be Empty" library="BuiltIn">
<doc>Verifies that the given item is not empty.</doc>
<arguments>
<arg>'${s_place_id}'</arg>
<arg>场所id不能为空</arg>
</arguments>
<msg timestamp="20210319 09:25:41.752" level="INFO">Length is 5</msg>
<status status="PASS" starttime="20210319 09:25:41.751" endtime="20210319 09:25:41.752"></status>
</kw>
<kw name="Create Dictionary" library="BuiltIn">
<doc>Creates and returns a dictionary based on the given ``items``.</doc>
<arguments>
<arg>id=${s_place_id}</arg>
<arg>current=1</arg>
<arg>size=10</arg>
</arguments>
<assign>
<var>${params}</var>
</assign>
<msg timestamp="20210319 09:25:41.752" level="INFO">${params} = {'id': 103, 'current': '1', 'size': '10'}</msg>
<status status="PASS" starttime="20210319 09:25:41.752" endtime="20210319 09:25:41.752"></status>
</kw>
<kw name="Lightshadow Place SpacePage" library="lightshadow">
<doc>根据场所id查询关联的空间信息/ener-lightshadow/place/spacePage?id=67&amp;current=1&amp;size=10</doc>
<arguments>
<arg>${params}</arg>
</arguments>
<msg timestamp="20210319 09:25:41.816" level="INFO">======开始请求get  /ener-lightshadow/place/spacePage=============
请求内容：{'id': 103, 'current': '1', 'size': '10'}
断言内容：{'message': None, 'success': True}
请求地址：http://121.36.252.209/ener-lightshadow/place/spacePage?id=103&amp;current=1&amp;size=10 
 应答内容：{"success":false,"message":"\n### Error querying database.  Cause: java.sql.SQLSyntaxErrorException: Unknown column 'group_id' in 'field list'\n### The error may exist in com/landsky/ener/basic/component/association/mapper/AssociationMapper.java (best guess)\n### The error may involve defaultParameterMap\n### The error occurred while setting parameters\n### SQL: SELECT  id,parent_id,parent_type,child_id,child_type,group_id  FROM t_association     WHERE (parent_id = ? AND parent_type = ?)\n### Cause: java.sql.SQLSyntaxErrorException: Unknown column 'group_id' in 'field list'\n; bad SQL grammar []; nested exception is java.sql.SQLSyntaxErrorException: Unknown column 'group_id' in 'field list'","object":null,"feignHystrix":false,"responseException":true}
结束get请求-------开始断言</msg>
<msg timestamp="20210319 09:25:41.817" level="FAIL">文本应答的值【
### Error querying database.  Cause: java.sql.SQLSyntaxErrorException: Unknown column 'group_id' in 'field list'
### The error may exist in com/landsky/ener/basic/component/association/mapper/AssociationMapper.java (best guess)
### The error may involve defaultParameterMap
### The error occurred while setting parameters
### SQL: SELECT  id,parent_id,parent_type,child_id,child_type,group_id  FROM t_association     WHERE (parent_id = ? AND parent_type = ?)
### Cause: java.sql.SQLSyntaxErrorException: Unknown column 'group_id' in 'field list'
; bad SQL grammar []; nested exception is java.sql.SQLSyntaxErrorException: Unknown column 'group_id' in 'field list'】要等于【None】才通过</msg>
<status status="FAIL" starttime="20210319 09:25:41.752" endtime="20210319 09:25:41.817"></status>
</kw>
<status status="FAIL" starttime="20210319 09:25:41.751" endtime="20210319 09:25:41.818" critical="yes">文本应答的值【
### Error querying database.  Cause: java.sql.SQLSyntaxErrorException: Unknown column 'group_id' in 'field list'
### The error may exist in com/landsky/ener/basic/component/association/mapper/AssociationMapper.java (best guess)
### The error may involve defaultParameterMap
### The error occurred while setting parameters
### SQL: SELECT  id,parent_id,parent_type,child_id,child_type,group_id  FROM t_association     WHERE (parent_id = ? AND parent_type = ?)
### Cause: java.sql.SQLSyntaxErrorException: Unknown column 'group_id' in 'field list'
; bad SQL grammar []; nested exception is java.sql.SQLSyntaxErrorException: Unknown column 'group_id' in 'field list'】要等于【None】才通过</status>
</test>
<test id="s1-s1-t9" name="place_spaceListByParentId">
<kw name="Should Not Be Empty" library="BuiltIn">
<doc>Verifies that the given item is not empty.</doc>
<arguments>
<arg>'${s_place_id}'</arg>
<arg>场所id不能为空</arg>
</arguments>
<msg timestamp="20210319 09:25:41.818" level="INFO">Length is 5</msg>
<status status="PASS" starttime="20210319 09:25:41.818" endtime="20210319 09:25:41.818"></status>
</kw>
<kw name="Should Not Be Empty" library="BuiltIn">
<doc>Verifies that the given item is not empty.</doc>
<arguments>
<arg>'${s_space_parentId}'</arg>
<arg>父空间id不能为空</arg>
</arguments>
<msg timestamp="20210319 09:25:41.819" level="INFO">Length is 5</msg>
<status status="PASS" starttime="20210319 09:25:41.819" endtime="20210319 09:25:41.819"></status>
</kw>
<kw name="Create Dictionary" library="BuiltIn">
<doc>Creates and returns a dictionary based on the given ``items``.</doc>
<arguments>
<arg>placeId=${s_place_id}</arg>
<arg>parentId=${s_space_parentId}</arg>
</arguments>
<assign>
<var>${params}</var>
</assign>
<msg timestamp="20210319 09:25:41.820" level="INFO">${params} = {'placeId': 103, 'parentId': 418}</msg>
<status status="PASS" starttime="20210319 09:25:41.819" endtime="20210319 09:25:41.820"></status>
</kw>
<kw name="Lightshadow Place SpaceListByParentId" library="lightshadow">
<doc>根据父空间id查询已经关联场所的子空间列表/ener-lightshadow/place/spaceListByParentId?placeId=70&amp;parentId=418</doc>
<arguments>
<arg>${params}</arg>
</arguments>
<msg timestamp="20210319 09:25:41.967" level="INFO">======开始请求get  /ener-lightshadow/place/spaceListByParentId=============
请求内容：{'placeId': 103, 'parentId': 418}
断言内容：{'message': None, 'success': True}
请求地址：http://121.36.252.209/ener-lightshadow/place/spaceListByParentId?placeId=103&amp;parentId=418 
 应答内容：{"success":false,"message":"\n### Error querying database.  Cause: java.sql.SQLSyntaxErrorException: Unknown column 'group_id' in 'field list'\n### The error may exist in com/landsky/ener/basic/component/association/mapper/AssociationMapper.java (best guess)\n### The error may involve defaultParameterMap\n### The error occurred while setting parameters\n### SQL: SELECT  id,parent_id,parent_type,child_id,child_type,group_id  FROM t_association     WHERE (parent_id = ? AND parent_type = ?)\n### Cause: java.sql.SQLSyntaxErrorException: Unknown column 'group_id' in 'field list'\n; bad SQL grammar []; nested exception is java.sql.SQLSyntaxErrorException: Unknown column 'group_id' in 'field list'","object":null,"feignHystrix":false,"responseException":true}
结束get请求-------开始断言</msg>
<msg timestamp="20210319 09:25:41.969" level="FAIL">文本应答的值【
### Error querying database.  Cause: java.sql.SQLSyntaxErrorException: Unknown column 'group_id' in 'field list'
### The error may exist in com/landsky/ener/basic/component/association/mapper/AssociationMapper.java (best guess)
### The error may involve defaultParameterMap
### The error occurred while setting parameters
### SQL: SELECT  id,parent_id,parent_type,child_id,child_type,group_id  FROM t_association     WHERE (parent_id = ? AND parent_type = ?)
### Cause: java.sql.SQLSyntaxErrorException: Unknown column 'group_id' in 'field list'
; bad SQL grammar []; nested exception is java.sql.SQLSyntaxErrorException: Unknown column 'group_id' in 'field list'】要等于【None】才通过</msg>
<status status="FAIL" starttime="20210319 09:25:41.820" endtime="20210319 09:25:41.969"></status>
</kw>
<status status="FAIL" starttime="20210319 09:25:41.818" endtime="20210319 09:25:41.969" critical="yes">文本应答的值【
### Error querying database.  Cause: java.sql.SQLSyntaxErrorException: Unknown column 'group_id' in 'field list'
### The error may exist in com/landsky/ener/basic/component/association/mapper/AssociationMapper.java (best guess)
### The error may involve defaultParameterMap
### The error occurred while setting parameters
### SQL: SELECT  id,parent_id,parent_type,child_id,child_type,group_id  FROM t_association     WHERE (parent_id = ? AND parent_type = ?)
### Cause: java.sql.SQLSyntaxErrorException: Unknown column 'group_id' in 'field list'
; bad SQL grammar []; nested exception is java.sql.SQLSyntaxErrorException: Unknown column 'group_id' in 'field list'】要等于【None】才通过</status>
</test>
<test id="s1-s1-t10" name="place_spaceListByParentIdAll">
<kw name="Should Not Be Empty" library="BuiltIn">
<doc>Verifies that the given item is not empty.</doc>
<arguments>
<arg>'${s_place_id}'</arg>
<arg>场所id不能为空</arg>
</arguments>
<msg timestamp="20210319 09:25:41.970" level="INFO">Length is 5</msg>
<status status="PASS" starttime="20210319 09:25:41.969" endtime="20210319 09:25:41.970"></status>
</kw>
<kw name="Should Not Be Empty" library="BuiltIn">
<doc>Verifies that the given item is not empty.</doc>
<arguments>
<arg>'${s_space_parentId}'</arg>
<arg>父空间id不能为空</arg>
</arguments>
<msg timestamp="20210319 09:25:41.970" level="INFO">Length is 5</msg>
<status status="PASS" starttime="20210319 09:25:41.970" endtime="20210319 09:25:41.970"></status>
</kw>
<kw name="Create Dictionary" library="BuiltIn">
<doc>Creates and returns a dictionary based on the given ``items``.</doc>
<arguments>
<arg>placeId=${s_place_id}</arg>
<arg>parentId=${s_space_parentId}</arg>
</arguments>
<assign>
<var>${params}</var>
</assign>
<msg timestamp="20210319 09:25:41.971" level="INFO">${params} = {'placeId': 103, 'parentId': 418}</msg>
<status status="PASS" starttime="20210319 09:25:41.970" endtime="20210319 09:25:41.971"></status>
</kw>
<kw name="Lightshadow Place SpaceListByParentIdAll" library="lightshadow">
<doc>根据父空间id查询子空间列表/ener-lightshadow/place/spaceListByParentIdAll?placeId=92&amp;parentId=418</doc>
<arguments>
<arg>${params}</arg>
</arguments>
<msg timestamp="20210319 09:25:42.025" level="INFO">======开始请求get  /ener-lightshadow/place/spaceListByParentIdAll=============
请求内容：{'placeId': 103, 'parentId': 418}
断言内容：{'message': None, 'success': True}
请求地址：http://121.36.252.209/ener-lightshadow/place/spaceListByParentIdAll?placeId=103&amp;parentId=418 
 应答内容：{"success":false,"message":"\n### Error querying database.  Cause: java.sql.SQLSyntaxErrorException: Unknown column 'group_id' in 'field list'\n### The error may exist in com/landsky/ener/basic/component/association/mapper/AssociationMapper.java (best guess)\n### The error may involve defaultParameterMap\n### The error occurred while setting parameters\n### SQL: SELECT  id,parent_id,parent_type,child_id,child_type,group_id  FROM t_association     WHERE (parent_id = ? AND parent_type = ?)\n### Cause: java.sql.SQLSyntaxErrorException: Unknown column 'group_id' in 'field list'\n; bad SQL grammar []; nested exception is java.sql.SQLSyntaxErrorException: Unknown column 'group_id' in 'field list'","object":null,"feignHystrix":false,"responseException":true}
结束get请求-------开始断言</msg>
<msg timestamp="20210319 09:25:42.026" level="FAIL">文本应答的值【
### Error querying database.  Cause: java.sql.SQLSyntaxErrorException: Unknown column 'group_id' in 'field list'
### The error may exist in com/landsky/ener/basic/component/association/mapper/AssociationMapper.java (best guess)
### The error may involve defaultParameterMap
### The error occurred while setting parameters
### SQL: SELECT  id,parent_id,parent_type,child_id,child_type,group_id  FROM t_association     WHERE (parent_id = ? AND parent_type = ?)
### Cause: java.sql.SQLSyntaxErrorException: Unknown column 'group_id' in 'field list'
; bad SQL grammar []; nested exception is java.sql.SQLSyntaxErrorException: Unknown column 'group_id' in 'field list'】要等于【None】才通过</msg>
<status status="FAIL" starttime="20210319 09:25:41.971" endtime="20210319 09:25:42.027"></status>
</kw>
<status status="FAIL" starttime="20210319 09:25:41.969" endtime="20210319 09:25:42.027" critical="yes">文本应答的值【
### Error querying database.  Cause: java.sql.SQLSyntaxErrorException: Unknown column 'group_id' in 'field list'
### The error may exist in com/landsky/ener/basic/component/association/mapper/AssociationMapper.java (best guess)
### The error may involve defaultParameterMap
### The error occurred while setting parameters
### SQL: SELECT  id,parent_id,parent_type,child_id,child_type,group_id  FROM t_association     WHERE (parent_id = ? AND parent_type = ?)
### Cause: java.sql.SQLSyntaxErrorException: Unknown column 'group_id' in 'field list'
; bad SQL grammar []; nested exception is java.sql.SQLSyntaxErrorException: Unknown column 'group_id' in 'field list'】要等于【None】才通过</status>
</test>
<test id="s1-s1-t11" name="place_spaceCategoryList">
<kw name="Should Not Be Empty" library="BuiltIn">
<doc>Verifies that the given item is not empty.</doc>
<arguments>
<arg>'${s_place_id}'</arg>
<arg>场所id不能为空</arg>
</arguments>
<msg timestamp="20210319 09:25:42.028" level="INFO">Length is 5</msg>
<status status="PASS" starttime="20210319 09:25:42.027" endtime="20210319 09:25:42.028"></status>
</kw>
<kw name="Create Dictionary" library="BuiltIn">
<doc>Creates and returns a dictionary based on the given ``items``.</doc>
<arguments>
<arg>placeId=${s_place_id}</arg>
</arguments>
<assign>
<var>${params}</var>
</assign>
<msg timestamp="20210319 09:25:42.028" level="INFO">${params} = {'placeId': 103}</msg>
<status status="PASS" starttime="20210319 09:25:42.028" endtime="20210319 09:25:42.028"></status>
</kw>
<kw name="Lightshadow Place SpaceCategoryList" library="lightshadow">
<doc>根据场所id查询关联的空间的类型列表/ener-lightshadow/place/spaceCategoryList?placeId=67</doc>
<arguments>
<arg>${params}</arg>
</arguments>
<msg timestamp="20210319 09:25:42.101" level="INFO">======开始请求get  /ener-lightshadow/place/spaceCategoryList=============
请求内容：{'placeId': 103}
断言内容：{'message': None, 'success': True}
请求地址：http://121.36.252.209/ener-lightshadow/place/spaceCategoryList?placeId=103 
 应答内容：{"success":false,"message":"\n### Error querying database.  Cause: java.sql.SQLSyntaxErrorException: Unknown column 'group_id' in 'field list'\n### The error may exist in com/landsky/ener/basic/component/association/mapper/AssociationMapper.java (best guess)\n### The error may involve defaultParameterMap\n### The error occurred while setting parameters\n### SQL: SELECT  id,parent_id,parent_type,child_id,child_type,group_id  FROM t_association     WHERE (parent_id = ? AND parent_type = ?)\n### Cause: java.sql.SQLSyntaxErrorException: Unknown column 'group_id' in 'field list'\n; bad SQL grammar []; nested exception is java.sql.SQLSyntaxErrorException: Unknown column 'group_id' in 'field list'","object":null,"feignHystrix":false,"responseException":true}
结束get请求-------开始断言</msg>
<msg timestamp="20210319 09:25:42.102" level="FAIL">文本应答的值【
### Error querying database.  Cause: java.sql.SQLSyntaxErrorException: Unknown column 'group_id' in 'field list'
### The error may exist in com/landsky/ener/basic/component/association/mapper/AssociationMapper.java (best guess)
### The error may involve defaultParameterMap
### The error occurred while setting parameters
### SQL: SELECT  id,parent_id,parent_type,child_id,child_type,group_id  FROM t_association     WHERE (parent_id = ? AND parent_type = ?)
### Cause: java.sql.SQLSyntaxErrorException: Unknown column 'group_id' in 'field list'
; bad SQL grammar []; nested exception is java.sql.SQLSyntaxErrorException: Unknown column 'group_id' in 'field list'】要等于【None】才通过</msg>
<status status="FAIL" starttime="20210319 09:25:42.029" endtime="20210319 09:25:42.102"></status>
</kw>
<status status="FAIL" starttime="20210319 09:25:42.027" endtime="20210319 09:25:42.102" critical="yes">文本应答的值【
### Error querying database.  Cause: java.sql.SQLSyntaxErrorException: Unknown column 'group_id' in 'field list'
### The error may exist in com/landsky/ener/basic/component/association/mapper/AssociationMapper.java (best guess)
### The error may involve defaultParameterMap
### The error occurred while setting parameters
### SQL: SELECT  id,parent_id,parent_type,child_id,child_type,group_id  FROM t_association     WHERE (parent_id = ? AND parent_type = ?)
### Cause: java.sql.SQLSyntaxErrorException: Unknown column 'group_id' in 'field list'
; bad SQL grammar []; nested exception is java.sql.SQLSyntaxErrorException: Unknown column 'group_id' in 'field list'】要等于【None】才通过</status>
</test>
<test id="s1-s1-t12" name="place_assetPage">
<kw name="Should Not Be Empty" library="BuiltIn">
<doc>Verifies that the given item is not empty.</doc>
<arguments>
<arg>'${s_place_id}'</arg>
<arg>场所id不能为空</arg>
</arguments>
<msg timestamp="20210319 09:25:42.103" level="INFO">Length is 5</msg>
<status status="PASS" starttime="20210319 09:25:42.103" endtime="20210319 09:25:42.103"></status>
</kw>
<kw name="Create Dictionary" library="BuiltIn">
<doc>Creates and returns a dictionary based on the given ``items``.</doc>
<arguments>
<arg>id=${s_place_id}</arg>
<arg>current=1</arg>
<arg>size=10</arg>
</arguments>
<assign>
<var>${params}</var>
</assign>
<msg timestamp="20210319 09:25:42.103" level="INFO">${params} = {'id': 103, 'current': '1', 'size': '10'}</msg>
<status status="PASS" starttime="20210319 09:25:42.103" endtime="20210319 09:25:42.103"></status>
</kw>
<kw name="Lightshadow Place AssetPage" library="lightshadow">
<doc>根据场所id查询关联的设备信息/ener-lightshadow/place/assetPage?id=70&amp;size=10&amp;current=1</doc>
<arguments>
<arg>${params}</arg>
</arguments>
<msg timestamp="20210319 09:25:42.151" level="INFO">======开始请求get  /ener-lightshadow/place/assetPage=============
请求内容：{'id': 103, 'current': '1', 'size': '10'}
断言内容：{'message': None, 'success': True}
请求地址：http://121.36.252.209/ener-lightshadow/place/assetPage?id=103&amp;current=1&amp;size=10 
 应答内容：{"success":false,"message":"\n### Error querying database.  Cause: java.sql.SQLSyntaxErrorException: Unknown column 'group_id' in 'field list'\n### The error may exist in com/landsky/ener/basic/component/association/mapper/AssociationMapper.java (best guess)\n### The error may involve defaultParameterMap\n### The error occurred while setting parameters\n### SQL: SELECT  id,parent_id,parent_type,child_id,child_type,group_id  FROM t_association     WHERE (parent_id = ? AND parent_type = ?)\n### Cause: java.sql.SQLSyntaxErrorException: Unknown column 'group_id' in 'field list'\n; bad SQL grammar []; nested exception is java.sql.SQLSyntaxErrorException: Unknown column 'group_id' in 'field list'","object":null,"feignHystrix":false,"responseException":true}
结束get请求-------开始断言</msg>
<msg timestamp="20210319 09:25:42.152" level="FAIL">文本应答的值【
### Error querying database.  Cause: java.sql.SQLSyntaxErrorException: Unknown column 'group_id' in 'field list'
### The error may exist in com/landsky/ener/basic/component/association/mapper/AssociationMapper.java (best guess)
### The error may involve defaultParameterMap
### The error occurred while setting parameters
### SQL: SELECT  id,parent_id,parent_type,child_id,child_type,group_id  FROM t_association     WHERE (parent_id = ? AND parent_type = ?)
### Cause: java.sql.SQLSyntaxErrorException: Unknown column 'group_id' in 'field list'
; bad SQL grammar []; nested exception is java.sql.SQLSyntaxErrorException: Unknown column 'group_id' in 'field list'】要等于【None】才通过</msg>
<status status="FAIL" starttime="20210319 09:25:42.104" endtime="20210319 09:25:42.152"></status>
</kw>
<status status="FAIL" starttime="20210319 09:25:42.102" endtime="20210319 09:25:42.153" critical="yes">文本应答的值【
### Error querying database.  Cause: java.sql.SQLSyntaxErrorException: Unknown column 'group_id' in 'field list'
### The error may exist in com/landsky/ener/basic/component/association/mapper/AssociationMapper.java (best guess)
### The error may involve defaultParameterMap
### The error occurred while setting parameters
### SQL: SELECT  id,parent_id,parent_type,child_id,child_type,group_id  FROM t_association     WHERE (parent_id = ? AND parent_type = ?)
### Cause: java.sql.SQLSyntaxErrorException: Unknown column 'group_id' in 'field list'
; bad SQL grammar []; nested exception is java.sql.SQLSyntaxErrorException: Unknown column 'group_id' in 'field list'】要等于【None】才通过</status>
</test>
<test id="s1-s1-t13" name="place_removeSpaceRelation">
<kw name="Should Not Be Empty" library="BuiltIn">
<doc>Verifies that the given item is not empty.</doc>
<arguments>
<arg>'${s_place_id}'</arg>
<arg>场所id不能为空</arg>
</arguments>
<msg timestamp="20210319 09:25:42.153" level="INFO">Length is 5</msg>
<status status="PASS" starttime="20210319 09:25:42.153" endtime="20210319 09:25:42.154"></status>
</kw>
<kw name="Set Variable If" library="BuiltIn">
<doc>Sets variable based on the given condition.</doc>
<arguments>
<arg>${s_space_parentId}==${none}</arg>
<arg>${s_space_id}</arg>
<arg>${s_space_parentId}</arg>
</arguments>
<assign>
<var>${space_id}</var>
</assign>
<msg timestamp="20210319 09:25:42.154" level="INFO">${space_id} = 418</msg>
<status status="PASS" starttime="20210319 09:25:42.154" endtime="20210319 09:25:42.154"></status>
</kw>
<kw name="Create Dictionary" library="BuiltIn">
<doc>Creates and returns a dictionary based on the given ``items``.</doc>
<arguments>
<arg>id=${s_place_id}</arg>
<arg>spaceId=${space_id}</arg>
</arguments>
<assign>
<var>${params}</var>
</assign>
<msg timestamp="20210319 09:25:42.155" level="INFO">${params} = {'id': 103, 'spaceId': 418}</msg>
<status status="PASS" starttime="20210319 09:25:42.154" endtime="20210319 09:25:42.155"></status>
</kw>
<kw name="Lightshadow Place RemoveSpaceRelation" library="lightshadow">
<doc>场所-删除关联空间/ener-lightshadow/place/removeSpaceRelation;id: 62;spaceId: 420</doc>
<arguments>
<arg>${params}</arg>
</arguments>
<msg timestamp="20210319 09:25:42.209" level="INFO">======开始请求post  /ener-lightshadow/place/removeSpaceRelation=============
请求内容：{'id': 103, 'spaceId': 418}
断言内容：{'message': None, 'success': True}
请求地址：http://121.36.252.209/ener-lightshadow/place/removeSpaceRelation 
 应答内容：{"success":false,"message":"\n### Error querying database.  Cause: java.sql.SQLSyntaxErrorException: Unknown column 'group_id' in 'field list'\n### The error may exist in com/landsky/ener/basic/component/association/mapper/AssociationMapper.java (best guess)\n### The error may involve defaultParameterMap\n### The error occurred while setting parameters\n### SQL: SELECT  id,parent_id,parent_type,child_id,child_type,group_id  FROM t_association     WHERE (parent_id = ? AND parent_type = ?)\n### Cause: java.sql.SQLSyntaxErrorException: Unknown column 'group_id' in 'field list'\n; bad SQL grammar []; nested exception is java.sql.SQLSyntaxErrorException: Unknown column 'group_id' in 'field list'","object":null,"feignHystrix":false,"responseException":true}
结束post请求-------开始断言</msg>
<msg timestamp="20210319 09:25:42.210" level="FAIL">文本应答的值【
### Error querying database.  Cause: java.sql.SQLSyntaxErrorException: Unknown column 'group_id' in 'field list'
### The error may exist in com/landsky/ener/basic/component/association/mapper/AssociationMapper.java (best guess)
### The error may involve defaultParameterMap
### The error occurred while setting parameters
### SQL: SELECT  id,parent_id,parent_type,child_id,child_type,group_id  FROM t_association     WHERE (parent_id = ? AND parent_type = ?)
### Cause: java.sql.SQLSyntaxErrorException: Unknown column 'group_id' in 'field list'
; bad SQL grammar []; nested exception is java.sql.SQLSyntaxErrorException: Unknown column 'group_id' in 'field list'】要等于【None】才通过</msg>
<status status="FAIL" starttime="20210319 09:25:42.155" endtime="20210319 09:25:42.211"></status>
</kw>
<status status="FAIL" starttime="20210319 09:25:42.153" endtime="20210319 09:25:42.211" critical="yes">文本应答的值【
### Error querying database.  Cause: java.sql.SQLSyntaxErrorException: Unknown column 'group_id' in 'field list'
### The error may exist in com/landsky/ener/basic/component/association/mapper/AssociationMapper.java (best guess)
### The error may involve defaultParameterMap
### The error occurred while setting parameters
### SQL: SELECT  id,parent_id,parent_type,child_id,child_type,group_id  FROM t_association     WHERE (parent_id = ? AND parent_type = ?)
### Cause: java.sql.SQLSyntaxErrorException: Unknown column 'group_id' in 'field list'
; bad SQL grammar []; nested exception is java.sql.SQLSyntaxErrorException: Unknown column 'group_id' in 'field list'】要等于【None】才通过</status>
</test>
<test id="s1-s1-t14" name="place_delete">
<kw name="Should Not Be Empty" library="BuiltIn">
<doc>Verifies that the given item is not empty.</doc>
<arguments>
<arg>'${s_place_id}'</arg>
<arg>场所id不能为空</arg>
</arguments>
<msg timestamp="20210319 09:25:42.212" level="INFO">Length is 5</msg>
<status status="PASS" starttime="20210319 09:25:42.211" endtime="20210319 09:25:42.212"></status>
</kw>
<kw name="Create Dictionary" library="BuiltIn">
<doc>Creates and returns a dictionary based on the given ``items``.</doc>
<arguments>
<arg>id=${s_place_id}</arg>
</arguments>
<assign>
<var>${params}</var>
</assign>
[...]
<status status="PASS" starttime="20210319 09:25:49.011" endtime="20210319 09:25:49.011"></status>
</kw>
<kw name="Resource SmartDevice Page" library="smartdevice">
<doc>资产数据接口
/ener-resource/asset/page?categoryId=1&amp;name=2021115&amp;platformId=AD_SCREEN_REALTIME&amp;isRelated=&amp;platformProtocolId=AD_SCREEN_PROTOCOL_REALTIME&amp;current=1&amp;type=SMART_DEVICE</doc>
<arguments>
<arg>${query first page}</arg>
</arguments>
<msg timestamp="20210319 09:25:49.076" level="INFO">======开始请求get  /ener-resource/asset/page=============
请求内容：{'categoryId': '1', 'name': '2021115', 'platformId': 'AD_SCREEN_REALTIME', 'isRelated': '', 'platformProtocolId': 'AD_SCREEN_PROTOCOL_REALTIME', 'fault': 'NORMAL', 'current': '1', 'type': 'SMART_DEVICE'}
断言内容：{'message': None, 'success': True}
请求地址：http://121.36.252.209/ener-resource/asset/page?categoryId=1&amp;name=2021115&amp;platformId=AD_SCREEN_REALTIME&amp;isRelated=&amp;platformProtocolId=AD_SCREEN_PROTOCOL_REALTIME&amp;fault=NORMAL&amp;current=1&amp;type=SMART_DEVICE 
 应答内容：{"success":false,"message":"\n### Error querying database.  Cause: java.sql.SQLSyntaxErrorException: Unknown column 'group_id' in 'field list'\n### The error may exist in com/landsky/ener/basic/component/association/mapper/AssociationMapper.java (best guess)\n### The error may involve defaultParameterMap\n### The error occurred while setting parameters\n### SQL: SELECT  id,parent_id,parent_type,child_id,child_type,group_id  FROM t_association     WHERE (parent_type = ? AND parent_id IN (?,?,?,?))\n### Cause: java.sql.SQLSyntaxErrorException: Unknown column 'group_id' in 'field list'\n; bad SQL grammar []; nested exception is java.sql.SQLSyntaxErrorException: Unknown column 'group_id' in 'field list'","object":null,"feignHystrix":false,"responseException":true}
结束get请求-------开始断言</msg>
<msg timestamp="20210319 09:25:49.078" level="FAIL">文本应答的值【
### Error querying database.  Cause: java.sql.SQLSyntaxErrorException: Unknown column 'group_id' in 'field list'
### The error may exist in com/landsky/ener/basic/component/association/mapper/AssociationMapper.java (best guess)
### The error may involve defaultParameterMap
### The error occurred while setting parameters
### SQL: SELECT  id,parent_id,parent_type,child_id,child_type,group_id  FROM t_association     WHERE (parent_type = ? AND parent_id IN (?,?,?,?))
### Cause: java.sql.SQLSyntaxErrorException: Unknown column 'group_id' in 'field list'
; bad SQL grammar []; nested exception is java.sql.SQLSyntaxErrorException: Unknown column 'group_id' in 'field list'】要等于【None】才通过</msg>
<status status="FAIL" starttime="20210319 09:25:49.011" endtime="20210319 09:25:49.078"></status>
</kw>
<status status="FAIL" starttime="20210319 09:25:49.010" endtime="20210319 09:25:49.078" critical="yes">文本应答的值【
### Error querying database.  Cause: java.sql.SQLSyntaxErrorException: Unknown column 'group_id' in 'field list'
### The error may exist in com/landsky/ener/basic/component/association/mapper/AssociationMapper.java (best guess)
### The error may involve defaultParameterMap
### The error occurred while setting parameters
### SQL: SELECT  id,parent_id,parent_type,child_id,child_type,group_id  FROM t_association     WHERE (parent_type = ? AND parent_id IN (?,?,?,?))
### Cause: java.sql.SQLSyntaxErrorException: Unknown column 'group_id' in 'field list'
; bad SQL grammar []; nested exception is java.sql.SQLSyntaxErrorException: Unknown column 'group_id' in 'field list'】要等于【None】才通过</status>
</test>
<test id="s1-s2-t16" name="deleteBatch">
<kw name="Create Dictionary" library="BuiltIn">
<doc>Creates and returns a dictionary based on the given ``items``.</doc>
<arguments>
<arg>ids=${delete_ids}</arg>
</arguments>
<assign>
<var>${delete success}</var>
</assign>
<msg timestamp="20210319 09:25:49.079" level="INFO">${delete success} = {'ids': [36877, 36878, 36879, 36880, 36881, 36882, 36883]}</msg>
<status status="PASS" starttime="20210319 09:25:49.079" endtime="20210319 09:25:49.079"></status>
</kw>
<kw name="Resource SmartDevice DeleteBatch" library="smartdevice">
<arguments>
<arg>${delete success}</arg>
</arguments>
<msg timestamp="20210319 09:25:49.673" level="INFO">======开始请求delete  /ener-resource/smartDevice/deleteBatch=============
请求内容：{'ids': [36877, 36878, 36879, 36880, 36881, 36882, 36883]}
断言内容：{'message': None, 'success': True}
请求地址：http://121.36.252.209/ener-resource/smartDevice/deleteBatch 
 应答内容：{"success":true,"message":null,"object":[],"feignHystrix":false,"responseException":false}
结束delete请求-------开始断言
======断言通过</msg>
<status status="PASS" starttime="20210319 09:25:49.079" endtime="20210319 09:25:49.673"></status>
</kw>
<kw name="Log" library="BuiltIn">
<doc>Logs the given message with the given level.</doc>
<arguments>
<arg>pass</arg>
</arguments>
<msg timestamp="20210319 09:25:49.673" level="INFO">pass</msg>
<status status="PASS" starttime="20210319 09:25:49.673" endtime="20210319 09:25:49.673"></status>
</kw>
<status status="PASS" starttime="20210319 09:25:49.078" endtime="20210319 09:25:49.674" critical="yes"></status>
</test>
<test id="s1-s2-t17" name="getAssociatedSmartDevicePage">
<kw name="Create Dictionary" library="BuiltIn">
<doc>Creates and returns a dictionary based on the given ``items``.</doc>
<arguments>
<arg>current=1</arg>
<arg>size=999999</arg>
<arg>smartDeviceType=LAMP_POLE</arg>
</arguments>
<assign>
<var>${query first page}</var>
</assign>
<msg timestamp="20210319 09:25:49.675" level="INFO">${query first page} = {'current': '1', 'size': '999999', 'smartDeviceType': 'LAMP_POLE'}</msg>
<status status="PASS" starttime="20210319 09:25:49.674" endtime="20210319 09:25:49.675"></status>
</kw>
<kw name="Resource SmartDevice GetAssociatedSmartDevicePage" library="smartdevice">
<doc>智能设备关联设备选择界面参数：#/ener-resource/smartDevice/getAssociatedSmartDevicePage?current=1&amp;size=999999&amp;smartDeviceType=LAMP_POLE</doc>
<arguments>
<arg>${query first page}</arg>
</arguments>
<msg timestamp="20210319 09:25:49.720" level="INFO">======开始请求get  /ener-resource/smartDevice/getAssociatedSmartDevicePage=============
请求内容：{'current': '1', 'size': '999999', 'smartDeviceType': 'LAMP_POLE'}
断言内容：{'message': None, 'success': True}
请求地址：http://121.36.252.209/ener-resource/smartDevice/getAssociatedSmartDevicePage?current=1&amp;size=999999&amp;smartDeviceType=LAMP_POLE 
 应答内容：{"success":false,"message":"\n### Error querying database.  Cause: java.sql.SQLSyntaxErrorException: Unknown column 'group_id' in 'field list'\n### The error may exist in com/landsky/ener/basic/component/association/mapper/AssociationMapper.java (best guess)\n### The error may involve defaultParameterMap\n### The error occurred while setting parameters\n### SQL: SELECT  id,parent_id,parent_type,child_id,child_type,group_id  FROM t_association     WHERE (parent_type = ?)\n### Cause: java.sql.SQLSyntaxErrorException: Unknown column 'group_id' in 'field list'\n; bad SQL grammar []; nested exception is java.sql.SQLSyntaxErrorException: Unknown column 'group_id' in 'field list'","object":null,"feignHystrix":false,"responseException":true}
结束get请求-------开始断言</msg>
<msg timestamp="20210319 09:25:49.721" level="FAIL">文本应答的值【
### Error querying database.  Cause: java.sql.SQLSyntaxErrorException: Unknown column 'group_id' in 'field list'
### The error may exist in com/landsky/ener/basic/component/association/mapper/AssociationMapper.java (best guess)
### The error may involve defaultParameterMap
### The error occurred while setting parameters
### SQL: SELECT  id,parent_id,parent_type,child_id,child_type,group_id  FROM t_association     WHERE (parent_type = ?)
### Cause: java.sql.SQLSyntaxErrorException: Unknown column 'group_id' in 'field list'
; bad SQL grammar []; nested exception is java.sql.SQLSyntaxErrorException: Unknown column 'group_id' in 'field list'】要等于【None】才通过</msg>
<status status="FAIL" starttime="20210319 09:25:49.675" endtime="20210319 09:25:49.721"></status>
</kw>
<status status="FAIL" starttime="20210319 09:25:49.674" endtime="20210319 09:25:49.721" critical="yes">文本应答的值【
### Error querying database.  Cause: java.sql.SQLSyntaxErrorException: Unknown column 'group_id' in 'field list'
### The error may exist in com/landsky/ener/basic/component/association/mapper/AssociationMapper.java (best guess)
### The error may involve defaultParameterMap
### The error occurred while setting parameters
### SQL: SELECT  id,parent_id,parent_type,child_id,child_type,group_id  FROM t_association     WHERE (parent_type = ?)
### Cause: java.sql.SQLSyntaxErrorException: Unknown column 'group_id' in 'field list'
; bad SQL grammar []; nested exception is java.sql.SQLSyntaxErrorException: Unknown column 'group_id' in 'field list'】要等于【None】才通过</status>
</test>
<test id="s1-s2-t18" name="getFault_list">
<kw name="Resource SmartDevice GetFault" library="smartdevice">
<doc>资产表-状态枚举参数：#/ener-resource/smartDevice/getFault返回值：# type=NORMAL;name=正常;value=NORMAL;</doc>
<msg timestamp="20210319 09:25:49.766" level="INFO">======开始请求get  /ener-resource/smartDevice/getFault=============
请求内容：None
断言内容：{'message': None, 'success': True}
请求地址：http://121.36.252.209/ener-resource/smartDevice/getFault 
 应答内容：{"success":true,"message":null,"object":[{"name":"故障","type":"FAULT","value":"FAULT"},{"name":"正常","type":"NORMAL","value":"NORMAL"}],"feignHystrix":false,"responseException":false}
结束get请求-------开始断言
======断言通过</msg>
<status status="PASS" starttime="20210319 09:25:49.721" endtime="20210319 09:25:49.766"></status>
</kw>
<status status="PASS" starttime="20210319 09:25:49.721" endtime="20210319 09:25:49.766" critical="yes"></status>
</test>
<test id="s1-s2-t19" name="getAssetsBySpaceId">
<kw name="Create Dictionary" library="BuiltIn">
<doc>Creates and returns a dictionary based on the given ``items``.</doc>
<arguments>
<arg>categoryIds=1</arg>
<arg>current=1</arg>
<arg>name=006</arg>
<arg>size=10</arg>
<arg>spaceIds=1</arg>
</arguments>
<assign>
<var>${query first page}</var>
</assign>
<msg timestamp="20210319 09:25:49.767" level="INFO">${query first page} = {'categoryIds': '1', 'current': '1', 'name': '006', 'size': '10', 'spaceIds': '1'}</msg>
<status status="PASS" starttime="20210319 09:25:49.767" endtime="20210319 09:25:49.767"></status>
</kw>
<kw name="Resource SmartDevice GetAssetsBySpaceId" library="smartdevice">
<doc>资产表-状态枚举参数：#/ener-resource/smartDevice/getAssetsBySpaceId?categoryIds=1&amp;current=1&amp;name=006&amp;size=10&amp;spaceIds=1</doc>
<arguments>
<arg>${query first page}</arg>
</arguments>
<msg timestamp="20210319 09:25:49.819" level="INFO">======开始请求get  /ener-resource/smartDevice/getAssetsBySpaceId=============
请求内容：{'categoryIds': '1', 'current': '1', 'name': '006', 'size': '10', 'spaceIds': '1'}
断言内容：{'message': None, 'success': True}
请求地址：http://121.36.252.209/ener-resource/smartDevice/getAssetsBySpaceId?categoryIds=1&amp;current=1&amp;name=006&amp;size=10&amp;spaceIds=1 
 应答内容：{"success":false,"message":"\n### Error querying database.  Cause: java.sql.SQLSyntaxErrorException: Unknown column 'group_id' in 'field list'\n### The error may exist in com/landsky/ener/basic/component/association/mapper/AssociationMapper.java (best guess)\n### The error may involve defaultParameterMap\n### The error occurred while setting parameters\n### SQL: SELECT  id,parent_id,parent_type,child_id,child_type,group_id  FROM t_association     WHERE (parent_type = ? AND parent_id IN (?,?,?,?))\n### Cause: java.sql.SQLSyntaxErrorException: Unknown column 'group_id' in 'field list'\n; bad SQL grammar []; nested exception is java.sql.SQLSyntaxErrorException: Unknown column 'group_id' in 'field list'","object":null,"feignHystrix":false,"responseException":true}
结束get请求-------开始断言</msg>
<msg timestamp="20210319 09:25:49.821" level="FAIL">文本应答的值【
### Error querying database.  Cause: java.sql.SQLSyntaxErrorException: Unknown column 'group_id' in 'field list'
### The error may exist in com/landsky/ener/basic/component/association/mapper/AssociationMapper.java (best guess)
### The error may involve defaultParameterMap
### The error occurred while setting parameters
### SQL: SELECT  id,parent_id,parent_type,child_id,child_type,group_id  FROM t_association     WHERE (parent_type = ? AND parent_id IN (?,?,?,?))
### Cause: java.sql.SQLSyntaxErrorException: Unknown column 'group_id' in 'field list'
; bad SQL grammar []; nested exception is java.sql.SQLSyntaxErrorException: Unknown column 'group_id' in 'field list'】要等于【None】才通过</msg>
<status status="FAIL" starttime="20210319 09:25:49.767" endtime="20210319 09:25:49.821"></status>
</kw>
<status status="FAIL" starttime="20210319 09:25:49.766" endtime="20210319 09:25:49.821" critical="yes">文本应答的值【
### Error querying database.  Cause: java.sql.SQLSyntaxErrorException: Unknown column 'group_id' in 'field list'
### The error may exist in com/landsky/ener/basic/component/association/mapper/AssociationMapper.java (best guess)
### The error may involve defaultParameterMap
### The error occurred while setting parameters
### SQL: SELECT  id,parent_id,parent_type,child_id,child_type,group_id  FROM t_association     WHERE (parent_type = ? AND parent_id IN (?,?,?,?))
### Cause: java.sql.SQLSyntaxErrorException: Unknown column 'group_id' in 'field list'
; bad SQL grammar []; nested exception is java.sql.SQLSyntaxErrorException: Unknown column 'group_id' in 'field list'】要等于【None】才通过</status>
</test>
<test id="s1-s2-t20" name="camera_query">
<kw name="Resource SmartDevice Camera Query" library="smartdevice">
<doc>智能设备摄像头-查询(不分页)参数：#/ener-resource/smartDevice/camera/query</doc>
<msg timestamp="20210319 09:25:49.980" level="INFO">======开始请求get  /ener-resource/smartDevice/camera/query=============
请求内容：None
断言内容：{'message': None, 'success': True}
请求地址：http://121.36.252.209/ener-resource/smartDevice/camera/query 
 应答内容：{"success":false,"message":"\n### Error querying database.  Cause: java.sql.SQLSyntaxErrorException: Unknown column 'group_id' in 'field list'\n### The error may exist in com/landsky/ener/basic/component/association/mapper/AssociationMapper.java (best guess)\n### The error may involve defaultParameterMap\n### The error occurred while setting parameters\n### SQL: SELECT  id,parent_id,parent_type,child_id,child_type,group_id  FROM t_association     WHERE (parent_type = ? AND parent_id IN (?,?,?,?))\n### Cause: java.sql.SQLSyntaxErrorException: Unknown column 'group_id' in 'field list'\n; bad SQL grammar []; nested exception is java.sql.SQLSyntaxErrorException: Unknown column 'group_id' in 'field list'","object":null,"feignHystrix":false,"responseException":true}
结束get请求-------开始断言</msg>
<msg timestamp="20210319 09:25:49.981" level="FAIL">文本应答的值【
### Error querying database.  Cause: java.sql.SQLSyntaxErrorException: Unknown column 'group_id' in 'field list'
### The error may exist in com/landsky/ener/basic/component/association/mapper/AssociationMapper.java (best guess)
### The error may involve defaultParameterMap
### The error occurred while setting parameters
### SQL: SELECT  id,parent_id,parent_type,child_id,child_type,group_id  FROM t_association     WHERE (parent_type = ? AND parent_id IN (?,?,?,?))
### Cause: java.sql.SQLSyntaxErrorException: Unknown column 'group_id' in 'field list'
; bad SQL grammar []; nested exception is java.sql.SQLSyntaxErrorException: Unknown column 'group_id' in 'field list'】要等于【None】才通过</msg>
<status status="FAIL" starttime="20210319 09:25:49.821" endtime="20210319 09:25:49.981"></status>
</kw>
<status status="FAIL" starttime="20210319 09:25:49.821" endtime="20210319 09:25:49.981" critical="yes">文本应答的值【
### Error querying database.  Cause: java.sql.SQLSyntaxErrorException: Unknown column 'group_id' in 'field list'
### The error may exist in com/landsky/ener/basic/component/association/mapper/AssociationMapper.java (best guess)
### The error may involve defaultParameterMap
### The error occurred while setting parameters
### SQL: SELECT  id,parent_id,parent_type,child_id,child_type,group_id  FROM t_association     WHERE (parent_type = ? AND parent_id IN (?,?,?,?))
### Cause: java.sql.SQLSyntaxErrorException: Unknown column 'group_id' in 'field list'
; bad SQL grammar []; nested exception is java.sql.SQLSyntaxErrorException: Unknown column 'group_id' in 'field list'】要等于【None】才通过</status>
</test>
<test id="s1-s2-t21" name="camera_panoramics_list">
<kw name="Resource SmartDevice Camera Panoramics" library="smartdevice">
<doc>全景摄像头-查询(不分页)参数：#/ener-resource/smartDevice/camera/panoramics</doc>
<msg timestamp="20210319 09:25:50.046" level="INFO">======开始请求get  /ener-resource/smartDevice/camera/panoramics=============
请求内容：None
断言内容：{'message': None, 'success': True}
请求地址：http://121.36.252.209/ener-resource/smartDevice/camera/panoramics 
 应答内容：{"success":false,"message":"\n### Error querying database.  Cause: java.sql.SQLSyntaxErrorException: Unknown column 'group_id' in 'field list'\n### The error may exist in com/landsky/ener/basic/component/association/mapper/AssociationMapper.java (best guess)\n### The error may involve defaultParameterMap\n### The error occurred while setting parameters\n### SQL: SELECT  id,parent_id,parent_type,child_id,child_type,group_id  FROM t_association     WHERE (parent_type = ? AND parent_id IN (?,?,?,?))\n### Cause: java.sql.SQLSyntaxErrorException: Unknown column 'group_id' in 'field list'\n; bad SQL grammar []; nested exception is java.sql.SQLSyntaxErrorException: Unknown column 'group_id' in 'field list'","object":null,"feignHystrix":false,"responseException":true}
结束get请求-------开始断言</msg>
<msg timestamp="20210319 09:25:50.047" level="FAIL">文本应答的值【
### Error querying database.  Cause: java.sql.SQLSyntaxErrorException: Unknown column 'group_id' in 'field list'
### The error may exist in com/landsky/ener/basic/component/association/mapper/AssociationMapper.java (best guess)
### The error may involve defaultParameterMap
### The error occurred while setting parameters
### SQL: SELECT  id,parent_id,parent_type,child_id,child_type,group_id  FROM t_association     WHERE (parent_type = ? AND parent_id IN (?,?,?,?))
### Cause: java.sql.SQLSyntaxErrorException: Unknown column 'group_id' in 'field list'
; bad SQL grammar []; nested exception is java.sql.SQLSyntaxErrorException: Unknown column 'group_id' in 'field list'】要等于【None】才通过</msg>
<status status="FAIL" starttime="20210319 09:25:49.982" endtime="20210319 09:25:50.047"></status>
</kw>
<status status="FAIL" starttime="20210319 09:25:49.981" endtime="20210319 09:25:50.047" critical="yes">文本应答的值【
### Error querying database.  Cause: java.sql.SQLSyntaxErrorException: Unknown column 'group_id' in 'field list'
### The error may exist in com/landsky/ener/basic/component/association/mapper/AssociationMapper.java (best guess)
### The error may involve defaultParameterMap
### The error occurred while setting parameters
### SQL: SELECT  id,parent_id,parent_type,child_id,child_type,group_id  FROM t_association     WHERE (parent_type = ? AND parent_id IN (?,?,?,?))
### Cause: java.sql.SQLSyntaxErrorException: Unknown column 'group_id' in 'field list'
; bad SQL grammar []; nested exception is java.sql.SQLSyntaxErrorException: Unknown column 'group_id' in 'field list'】要等于【None】才通过</status>
</test>
<status status="FAIL" starttime="20210319 09:25:42.405" endtime="20210319 09:25:50.049"></status>
</suite>
<status status="FAIL" starttime="20210319 09:25:38.403" endtime="20210319 09:25:50.053"></status>
</suite>
<statistics>
<total>
<stat pass="23" fail="12">Critical Tests</stat>
<stat pass="23" fail="12">All Tests</stat>
</total>
<tag>
</tag>
<suite>
<stat pass="23" fail="12" id="s1" name="Afulltest">Afulltest</stat>
<stat pass="7" fail="7" id="s1-s1" name="Lightshadow">Afulltest.Lightshadow</stat>
<stat pass="16" fail="5" id="s1-s2" name="Smartdevice">Afulltest.Smartdevice</stat>
</suite>
</statistics>
<errors>
</errors>
</robot>
